{"/home/shyaka/Desktop/BootCamp/Broadcaster/server/tests/create-redFlagTest.js":{"path":"/home/shyaka/Desktop/BootCamp/Broadcaster/server/tests/create-redFlagTest.js","statementMap":{"0":{"start":{"line":3,"column":12},"end":{"line":3,"column":51}},"1":{"start":{"line":5,"column":16},"end":{"line":5,"column":60}},"2":{"start":{"line":7,"column":10},"end":{"line":7,"column":47}},"3":{"start":{"line":9,"column":20},"end":{"line":9,"column":79}},"4":{"start":{"line":11,"column":24},"end":{"line":11,"column":87}},"5":{"start":{"line":13,"column":11},"end":{"line":13,"column":52}},"6":{"start":{"line":15,"column":39},"end":{"line":15,"column":95}},"7":{"start":{"line":17,"column":0},"end":{"line":17,"column":43}},"8":{"start":{"line":19,"column":13},"end":{"line":19,"column":36}},"9":{"start":{"line":21,"column":28},"end":{"line":21,"column":67}},"10":{"start":{"line":22,"column":17},"end":{"line":22,"column":49}},"11":{"start":{"line":23,"column":18},"end":{"line":23,"column":51}},"12":{"start":{"line":25,"column":15},"end":{"line":25,"column":57}},"13":{"start":{"line":27,"column":19},"end":{"line":27,"column":66}},"14":{"start":{"line":29,"column":0},"end":{"line":86,"column":3}},"15":{"start":{"line":30,"column":2},"end":{"line":40,"column":5}},"16":{"start":{"line":31,"column":4},"end":{"line":39,"column":7}},"17":{"start":{"line":32,"column":6},"end":{"line":32,"column":32}},"18":{"start":{"line":32,"column":15},"end":{"line":32,"column":32}},"19":{"start":{"line":33,"column":6},"end":{"line":33,"column":42}},"20":{"start":{"line":34,"column":6},"end":{"line":34,"column":82}},"21":{"start":{"line":35,"column":6},"end":{"line":35,"column":68}},"22":{"start":{"line":36,"column":6},"end":{"line":36,"column":97}},"23":{"start":{"line":37,"column":6},"end":{"line":37,"column":136}},"24":{"start":{"line":38,"column":6},"end":{"line":38,"column":20}},"25":{"start":{"line":41,"column":2},"end":{"line":49,"column":5}},"26":{"start":{"line":42,"column":4},"end":{"line":48,"column":7}},"27":{"start":{"line":43,"column":6},"end":{"line":43,"column":32}},"28":{"start":{"line":43,"column":15},"end":{"line":43,"column":32}},"29":{"start":{"line":44,"column":6},"end":{"line":44,"column":42}},"30":{"start":{"line":45,"column":6},"end":{"line":45,"column":82}},"31":{"start":{"line":46,"column":6},"end":{"line":46,"column":115}},"32":{"start":{"line":47,"column":6},"end":{"line":47,"column":20}},"33":{"start":{"line":50,"column":2},"end":{"line":58,"column":5}},"34":{"start":{"line":51,"column":4},"end":{"line":57,"column":7}},"35":{"start":{"line":52,"column":6},"end":{"line":52,"column":32}},"36":{"start":{"line":52,"column":15},"end":{"line":52,"column":32}},"37":{"start":{"line":53,"column":6},"end":{"line":53,"column":42}},"38":{"start":{"line":54,"column":6},"end":{"line":54,"column":82}},"39":{"start":{"line":55,"column":6},"end":{"line":55,"column":69}},"40":{"start":{"line":56,"column":6},"end":{"line":56,"column":20}},"41":{"start":{"line":59,"column":2},"end":{"line":67,"column":5}},"42":{"start":{"line":60,"column":4},"end":{"line":66,"column":7}},"43":{"start":{"line":61,"column":6},"end":{"line":61,"column":32}},"44":{"start":{"line":61,"column":15},"end":{"line":61,"column":32}},"45":{"start":{"line":62,"column":6},"end":{"line":62,"column":42}},"46":{"start":{"line":63,"column":6},"end":{"line":63,"column":82}},"47":{"start":{"line":64,"column":6},"end":{"line":64,"column":126}},"48":{"start":{"line":65,"column":6},"end":{"line":65,"column":20}},"49":{"start":{"line":68,"column":2},"end":{"line":76,"column":5}},"50":{"start":{"line":69,"column":4},"end":{"line":75,"column":7}},"51":{"start":{"line":70,"column":6},"end":{"line":70,"column":32}},"52":{"start":{"line":70,"column":15},"end":{"line":70,"column":32}},"53":{"start":{"line":71,"column":6},"end":{"line":71,"column":42}},"54":{"start":{"line":72,"column":6},"end":{"line":72,"column":82}},"55":{"start":{"line":73,"column":6},"end":{"line":73,"column":93}},"56":{"start":{"line":74,"column":6},"end":{"line":74,"column":20}},"57":{"start":{"line":77,"column":2},"end":{"line":85,"column":5}},"58":{"start":{"line":78,"column":4},"end":{"line":84,"column":7}},"59":{"start":{"line":79,"column":6},"end":{"line":79,"column":32}},"60":{"start":{"line":79,"column":15},"end":{"line":79,"column":32}},"61":{"start":{"line":80,"column":6},"end":{"line":80,"column":42}},"62":{"start":{"line":81,"column":6},"end":{"line":81,"column":82}},"63":{"start":{"line":82,"column":6},"end":{"line":82,"column":106}},"64":{"start":{"line":83,"column":6},"end":{"line":83,"column":20}}},"fnMap":{"0":{"name":"_interopRequireDefault","decl":{"start":{"line":15,"column":9},"end":{"line":15,"column":31}},"loc":{"start":{"line":15,"column":37},"end":{"line":15,"column":97}},"line":15},"1":{"name":"(anonymous_1)","decl":{"start":{"line":29,"column":55},"end":{"line":29,"column":56}},"loc":{"start":{"line":29,"column":67},"end":{"line":86,"column":1}},"line":29},"2":{"name":"(anonymous_2)","decl":{"start":{"line":30,"column":55},"end":{"line":30,"column":56}},"loc":{"start":{"line":30,"column":71},"end":{"line":40,"column":3}},"line":30},"3":{"name":"(anonymous_3)","decl":{"start":{"line":31,"column":614},"end":{"line":31,"column":615}},"loc":{"start":{"line":31,"column":634},"end":{"line":39,"column":5}},"line":31},"4":{"name":"(anonymous_4)","decl":{"start":{"line":41,"column":79},"end":{"line":41,"column":80}},"loc":{"start":{"line":41,"column":95},"end":{"line":49,"column":3}},"line":41},"5":{"name":"(anonymous_5)","decl":{"start":{"line":42,"column":430},"end":{"line":42,"column":431}},"loc":{"start":{"line":42,"column":450},"end":{"line":48,"column":5}},"line":42},"6":{"name":"(anonymous_6)","decl":{"start":{"line":50,"column":58},"end":{"line":50,"column":59}},"loc":{"start":{"line":50,"column":74},"end":{"line":58,"column":3}},"line":50},"7":{"name":"(anonymous_7)","decl":{"start":{"line":51,"column":418},"end":{"line":51,"column":419}},"loc":{"start":{"line":51,"column":438},"end":{"line":57,"column":5}},"line":51},"8":{"name":"(anonymous_8)","decl":{"start":{"line":59,"column":65},"end":{"line":59,"column":66}},"loc":{"start":{"line":59,"column":81},"end":{"line":67,"column":3}},"line":59},"9":{"name":"(anonymous_9)","decl":{"start":{"line":60,"column":431},"end":{"line":60,"column":432}},"loc":{"start":{"line":60,"column":451},"end":{"line":66,"column":5}},"line":60},"10":{"name":"(anonymous_10)","decl":{"start":{"line":68,"column":60},"end":{"line":68,"column":61}},"loc":{"start":{"line":68,"column":76},"end":{"line":76,"column":3}},"line":68},"11":{"name":"(anonymous_11)","decl":{"start":{"line":69,"column":431},"end":{"line":69,"column":432}},"loc":{"start":{"line":69,"column":451},"end":{"line":75,"column":5}},"line":69},"12":{"name":"(anonymous_12)","decl":{"start":{"line":77,"column":62},"end":{"line":77,"column":63}},"loc":{"start":{"line":77,"column":78},"end":{"line":85,"column":3}},"line":77},"13":{"name":"(anonymous_13)","decl":{"start":{"line":78,"column":405},"end":{"line":78,"column":406}},"loc":{"start":{"line":78,"column":425},"end":{"line":84,"column":5}},"line":78}},"branchMap":{"0":{"loc":{"start":{"line":15,"column":46},"end":{"line":15,"column":94}},"type":"cond-expr","locations":[{"start":{"line":15,"column":70},"end":{"line":15,"column":73}},{"start":{"line":15,"column":76},"end":{"line":15,"column":94}}],"line":15},"1":{"loc":{"start":{"line":15,"column":46},"end":{"line":15,"column":67}},"type":"binary-expr","locations":[{"start":{"line":15,"column":46},"end":{"line":15,"column":49}},{"start":{"line":15,"column":53},"end":{"line":15,"column":67}}],"line":15},"2":{"loc":{"start":{"line":32,"column":6},"end":{"line":32,"column":32}},"type":"if","locations":[{"start":{"line":32,"column":6},"end":{"line":32,"column":32}},{"start":{"line":32,"column":6},"end":{"line":32,"column":32}}],"line":32},"3":{"loc":{"start":{"line":43,"column":6},"end":{"line":43,"column":32}},"type":"if","locations":[{"start":{"line":43,"column":6},"end":{"line":43,"column":32}},{"start":{"line":43,"column":6},"end":{"line":43,"column":32}}],"line":43},"4":{"loc":{"start":{"line":52,"column":6},"end":{"line":52,"column":32}},"type":"if","locations":[{"start":{"line":52,"column":6},"end":{"line":52,"column":32}},{"start":{"line":52,"column":6},"end":{"line":52,"column":32}}],"line":52},"5":{"loc":{"start":{"line":61,"column":6},"end":{"line":61,"column":32}},"type":"if","locations":[{"start":{"line":61,"column":6},"end":{"line":61,"column":32}},{"start":{"line":61,"column":6},"end":{"line":61,"column":32}}],"line":61},"6":{"loc":{"start":{"line":70,"column":6},"end":{"line":70,"column":32}},"type":"if","locations":[{"start":{"line":70,"column":6},"end":{"line":70,"column":32}},{"start":{"line":70,"column":6},"end":{"line":70,"column":32}}],"line":70},"7":{"loc":{"start":{"line":79,"column":6},"end":{"line":79,"column":32}},"type":"if","locations":[{"start":{"line":79,"column":6},"end":{"line":79,"column":32}},{"start":{"line":79,"column":6},"end":{"line":79,"column":32}}],"line":79}},"s":{"0":1,"1":1,"2":1,"3":1,"4":1,"5":1,"6":6,"7":1,"8":1,"9":1,"10":1,"11":1,"12":1,"13":1,"14":1,"15":1,"16":1,"17":1,"18":0,"19":1,"20":1,"21":1,"22":1,"23":1,"24":1,"25":1,"26":1,"27":1,"28":0,"29":1,"30":1,"31":1,"32":1,"33":1,"34":1,"35":1,"36":0,"37":1,"38":1,"39":1,"40":1,"41":1,"42":1,"43":1,"44":0,"45":1,"46":1,"47":1,"48":1,"49":1,"50":1,"51":1,"52":0,"53":1,"54":1,"55":1,"56":1,"57":1,"58":1,"59":1,"60":0,"61":1,"62":1,"63":1,"64":1},"f":{"0":6,"1":1,"2":1,"3":1,"4":1,"5":1,"6":1,"7":1,"8":1,"9":1,"10":1,"11":1,"12":1,"13":1},"b":{"0":[3,3],"1":[6,6],"2":[0,1],"3":[0,1],"4":[0,1],"5":[0,1],"6":[0,1],"7":[0,1]},"_coverageSchema":"43e27e138ebf9cfc5966b082cf9a028302ed4184","hash":"57a8e0842597128e90fe9aa622945da5ca08f593","contentHash":"1d333b2cadd16ba56416ed93fcbb145746e5a190668dff12b6bdc8b31f50e396"},"/home/shyaka/Desktop/BootCamp/Broadcaster/server/mockdata/UserFakeData.js":{"path":"/home/shyaka/Desktop/BootCamp/Broadcaster/server/mockdata/UserFakeData.js","statementMap":{"0":{"start":{"line":3,"column":0},"end":{"line":5,"column":3}},"1":{"start":{"line":6,"column":0},"end":{"line":6,"column":28}},"2":{"start":{"line":8,"column":20},"end":{"line":8,"column":67}},"3":{"start":{"line":10,"column":13},"end":{"line":10,"column":53}},"4":{"start":{"line":12,"column":14},"end":{"line":12,"column":55}},"5":{"start":{"line":14,"column":39},"end":{"line":14,"column":95}},"6":{"start":{"line":16,"column":50},"end":{"line":16,"column":151}},"7":{"start":{"line":16,"column":92},"end":{"line":16,"column":149}},"8":{"start":{"line":18,"column":44},"end":{"line":18,"column":315}},"9":{"start":{"line":18,"column":57},"end":{"line":18,"column":58}},"10":{"start":{"line":18,"column":102},"end":{"line":18,"column":110}},"11":{"start":{"line":18,"column":112},"end":{"line":18,"column":167}},"12":{"start":{"line":18,"column":168},"end":{"line":18,"column":199}},"13":{"start":{"line":18,"column":200},"end":{"line":18,"column":254}},"14":{"start":{"line":18,"column":227},"end":{"line":18,"column":254}},"15":{"start":{"line":18,"column":255},"end":{"line":18,"column":313}},"16":{"start":{"line":20,"column":62},"end":{"line":20,"column":131}},"17":{"start":{"line":20,"column":78},"end":{"line":20,"column":131}},"18":{"start":{"line":20,"column":132},"end":{"line":20,"column":193}},"19":{"start":{"line":20,"column":149},"end":{"line":20,"column":193}},"20":{"start":{"line":20,"column":194},"end":{"line":20,"column":213}},"21":{"start":{"line":22,"column":0},"end":{"line":22,"column":28}},"22":{"start":{"line":26,"column":0},"end":{"line":115,"column":3}},"23":{"start":{"line":28,"column":4},"end":{"line":28,"column":40}},"24":{"start":{"line":30,"column":4},"end":{"line":30,"column":16}},"25":{"start":{"line":31,"column":4},"end":{"line":31,"column":20}},"26":{"start":{"line":32,"column":4},"end":{"line":32,"column":20}},"27":{"start":{"line":33,"column":4},"end":{"line":33,"column":20}},"28":{"start":{"line":34,"column":4},"end":{"line":34,"column":20}},"29":{"start":{"line":35,"column":4},"end":{"line":35,"column":23}},"30":{"start":{"line":36,"column":4},"end":{"line":36,"column":23}},"31":{"start":{"line":37,"column":4},"end":{"line":37,"column":24}},"32":{"start":{"line":40,"column":2},"end":{"line":112,"column":6}},"33":{"start":{"line":43,"column":6},"end":{"line":50,"column":8}},"34":{"start":{"line":55,"column":6},"end":{"line":55,"column":54}},"35":{"start":{"line":56,"column":6},"end":{"line":56,"column":53}},"36":{"start":{"line":57,"column":6},"end":{"line":57,"column":54}},"37":{"start":{"line":58,"column":6},"end":{"line":58,"column":32}},"38":{"start":{"line":59,"column":6},"end":{"line":59,"column":57}},"39":{"start":{"line":60,"column":6},"end":{"line":60,"column":60}},"40":{"start":{"line":61,"column":6},"end":{"line":61,"column":45}},"41":{"start":{"line":62,"column":6},"end":{"line":62,"column":31}},"42":{"start":{"line":67,"column":6},"end":{"line":67,"column":22}},"43":{"start":{"line":68,"column":6},"end":{"line":68,"column":53}},"44":{"start":{"line":69,"column":6},"end":{"line":69,"column":54}},"45":{"start":{"line":70,"column":6},"end":{"line":70,"column":57}},"46":{"start":{"line":71,"column":6},"end":{"line":71,"column":57}},"47":{"start":{"line":72,"column":6},"end":{"line":72,"column":60}},"48":{"start":{"line":73,"column":6},"end":{"line":73,"column":45}},"49":{"start":{"line":74,"column":6},"end":{"line":74,"column":31}},"50":{"start":{"line":79,"column":23},"end":{"line":83,"column":32}},"51":{"start":{"line":85,"column":24},"end":{"line":85,"column":91}},"52":{"start":{"line":87,"column":23},"end":{"line":91,"column":32}},"53":{"start":{"line":93,"column":24},"end":{"line":93,"column":91}},"54":{"start":{"line":95,"column":24},"end":{"line":99,"column":32}},"55":{"start":{"line":101,"column":25},"end":{"line":101,"column":93}},"56":{"start":{"line":103,"column":6},"end":{"line":110,"column":8}},"57":{"start":{"line":114,"column":2},"end":{"line":114,"column":22}},"58":{"start":{"line":117,"column":15},"end":{"line":117,"column":27}},"59":{"start":{"line":118,"column":0},"end":{"line":118,"column":30}}},"fnMap":{"0":{"name":"_interopRequireDefault","decl":{"start":{"line":14,"column":9},"end":{"line":14,"column":31}},"loc":{"start":{"line":14,"column":37},"end":{"line":14,"column":97}},"line":14},"1":{"name":"_classCallCheck","decl":{"start":{"line":16,"column":9},"end":{"line":16,"column":24}},"loc":{"start":{"line":16,"column":48},"end":{"line":16,"column":153}},"line":16},"2":{"name":"_defineProperties","decl":{"start":{"line":18,"column":9},"end":{"line":18,"column":26}},"loc":{"start":{"line":18,"column":42},"end":{"line":18,"column":317}},"line":18},"3":{"name":"_createClass","decl":{"start":{"line":20,"column":9},"end":{"line":20,"column":21}},"loc":{"start":{"line":20,"column":60},"end":{"line":20,"column":215}},"line":20},"4":{"name":"(anonymous_4)","decl":{"start":{"line":26,"column":0},"end":{"line":26,"column":1}},"loc":{"start":{"line":26,"column":12},"end":{"line":115,"column":1}},"line":26},"5":{"name":"UserFakeData","decl":{"start":{"line":27,"column":11},"end":{"line":27,"column":23}},"loc":{"start":{"line":27,"column":26},"end":{"line":38,"column":3}},"line":27},"6":{"name":"userObject","decl":{"start":{"line":42,"column":20},"end":{"line":42,"column":30}},"loc":{"start":{"line":42,"column":33},"end":{"line":51,"column":5}},"line":42},"7":{"name":"saveFakeUser","decl":{"start":{"line":54,"column":20},"end":{"line":54,"column":32}},"loc":{"start":{"line":54,"column":35},"end":{"line":63,"column":5}},"line":54},"8":{"name":"saveFakeUserWithBadData","decl":{"start":{"line":66,"column":20},"end":{"line":66,"column":43}},"loc":{"start":{"line":66,"column":46},"end":{"line":75,"column":5}},"line":66},"9":{"name":"getUserToken","decl":{"start":{"line":78,"column":20},"end":{"line":78,"column":32}},"loc":{"start":{"line":78,"column":35},"end":{"line":111,"column":5}},"line":78}},"branchMap":{"0":{"loc":{"start":{"line":14,"column":46},"end":{"line":14,"column":94}},"type":"cond-expr","locations":[{"start":{"line":14,"column":70},"end":{"line":14,"column":73}},{"start":{"line":14,"column":76},"end":{"line":14,"column":94}}],"line":14},"1":{"loc":{"start":{"line":14,"column":46},"end":{"line":14,"column":67}},"type":"binary-expr","locations":[{"start":{"line":14,"column":46},"end":{"line":14,"column":49}},{"start":{"line":14,"column":53},"end":{"line":14,"column":67}}],"line":14},"2":{"loc":{"start":{"line":16,"column":50},"end":{"line":16,"column":151}},"type":"if","locations":[{"start":{"line":16,"column":50},"end":{"line":16,"column":151}},{"start":{"line":16,"column":50},"end":{"line":16,"column":151}}],"line":16},"3":{"loc":{"start":{"line":18,"column":136},"end":{"line":18,"column":166}},"type":"binary-expr","locations":[{"start":{"line":18,"column":136},"end":{"line":18,"column":157}},{"start":{"line":18,"column":161},"end":{"line":18,"column":166}}],"line":18},"4":{"loc":{"start":{"line":18,"column":200},"end":{"line":18,"column":254}},"type":"if","locations":[{"start":{"line":18,"column":200},"end":{"line":18,"column":254}},{"start":{"line":18,"column":200},"end":{"line":18,"column":254}}],"line":18},"5":{"loc":{"start":{"line":20,"column":62},"end":{"line":20,"column":131}},"type":"if","locations":[{"start":{"line":20,"column":62},"end":{"line":20,"column":131}},{"start":{"line":20,"column":62},"end":{"line":20,"column":131}}],"line":20},"6":{"loc":{"start":{"line":20,"column":132},"end":{"line":20,"column":193}},"type":"if","locations":[{"start":{"line":20,"column":132},"end":{"line":20,"column":193}},{"start":{"line":20,"column":132},"end":{"line":20,"column":193}}],"line":20}},"s":{"0":1,"1":1,"2":1,"3":1,"4":1,"5":3,"6":2,"7":0,"8":2,"9":2,"10":4,"11":4,"12":4,"13":4,"14":4,"15":4,"16":1,"17":1,"18":1,"19":1,"20":1,"21":1,"22":1,"23":2,"24":2,"25":2,"26":2,"27":2,"28":2,"29":2,"30":2,"31":2,"32":1,"33":10,"34":4,"35":4,"36":4,"37":4,"38":4,"39":4,"40":4,"41":4,"42":1,"43":1,"44":1,"45":1,"46":1,"47":1,"48":1,"49":1,"50":6,"51":6,"52":6,"53":6,"54":6,"55":6,"56":6,"57":1,"58":1,"59":1},"f":{"0":3,"1":2,"2":2,"3":1,"4":1,"5":2,"6":10,"7":4,"8":1,"9":6},"b":{"0":[0,3],"1":[3,3],"2":[0,2],"3":[4,4],"4":[4,0],"5":[1,0],"6":[1,0]},"_coverageSchema":"43e27e138ebf9cfc5966b082cf9a028302ed4184","hash":"8d7f8908ca82c102bf6d2038bda31b6b19d7d90b","contentHash":"4d2c86f13113c8e05cfab8b5903d745bfb65415feaaebd0ef8d49e1765e8d442"},"/home/shyaka/Desktop/BootCamp/Broadcaster/server/mockdata/IncidentFakeData.js":{"path":"/home/shyaka/Desktop/BootCamp/Broadcaster/server/mockdata/IncidentFakeData.js","statementMap":{"0":{"start":{"line":3,"column":0},"end":{"line":5,"column":3}},"1":{"start":{"line":6,"column":0},"end":{"line":6,"column":28}},"2":{"start":{"line":8,"column":13},"end":{"line":8,"column":53}},"3":{"start":{"line":10,"column":39},"end":{"line":10,"column":95}},"4":{"start":{"line":12,"column":50},"end":{"line":12,"column":151}},"5":{"start":{"line":12,"column":92},"end":{"line":12,"column":149}},"6":{"start":{"line":14,"column":44},"end":{"line":14,"column":315}},"7":{"start":{"line":14,"column":57},"end":{"line":14,"column":58}},"8":{"start":{"line":14,"column":102},"end":{"line":14,"column":110}},"9":{"start":{"line":14,"column":112},"end":{"line":14,"column":167}},"10":{"start":{"line":14,"column":168},"end":{"line":14,"column":199}},"11":{"start":{"line":14,"column":200},"end":{"line":14,"column":254}},"12":{"start":{"line":14,"column":227},"end":{"line":14,"column":254}},"13":{"start":{"line":14,"column":255},"end":{"line":14,"column":313}},"14":{"start":{"line":16,"column":62},"end":{"line":16,"column":131}},"15":{"start":{"line":16,"column":78},"end":{"line":16,"column":131}},"16":{"start":{"line":16,"column":132},"end":{"line":16,"column":193}},"17":{"start":{"line":16,"column":149},"end":{"line":16,"column":193}},"18":{"start":{"line":16,"column":194},"end":{"line":16,"column":213}},"19":{"start":{"line":20,"column":0},"end":{"line":52,"column":3}},"20":{"start":{"line":22,"column":4},"end":{"line":22,"column":44}},"21":{"start":{"line":25,"column":2},"end":{"line":49,"column":6}},"22":{"start":{"line":28,"column":6},"end":{"line":33,"column":8}},"23":{"start":{"line":38,"column":6},"end":{"line":47,"column":8}},"24":{"start":{"line":51,"column":2},"end":{"line":51,"column":26}},"25":{"start":{"line":54,"column":15},"end":{"line":54,"column":31}},"26":{"start":{"line":55,"column":0},"end":{"line":55,"column":30}}},"fnMap":{"0":{"name":"_interopRequireDefault","decl":{"start":{"line":10,"column":9},"end":{"line":10,"column":31}},"loc":{"start":{"line":10,"column":37},"end":{"line":10,"column":97}},"line":10},"1":{"name":"_classCallCheck","decl":{"start":{"line":12,"column":9},"end":{"line":12,"column":24}},"loc":{"start":{"line":12,"column":48},"end":{"line":12,"column":153}},"line":12},"2":{"name":"_defineProperties","decl":{"start":{"line":14,"column":9},"end":{"line":14,"column":26}},"loc":{"start":{"line":14,"column":42},"end":{"line":14,"column":317}},"line":14},"3":{"name":"_createClass","decl":{"start":{"line":16,"column":9},"end":{"line":16,"column":21}},"loc":{"start":{"line":16,"column":60},"end":{"line":16,"column":215}},"line":16},"4":{"name":"(anonymous_4)","decl":{"start":{"line":20,"column":0},"end":{"line":20,"column":1}},"loc":{"start":{"line":20,"column":12},"end":{"line":52,"column":1}},"line":20},"5":{"name":"IncidentFakeData","decl":{"start":{"line":21,"column":11},"end":{"line":21,"column":27}},"loc":{"start":{"line":21,"column":30},"end":{"line":23,"column":3}},"line":21},"6":{"name":"saveRedFlag","decl":{"start":{"line":27,"column":20},"end":{"line":27,"column":31}},"loc":{"start":{"line":27,"column":34},"end":{"line":34,"column":5}},"line":27},"7":{"name":"saveRedFlagFiles","decl":{"start":{"line":37,"column":20},"end":{"line":37,"column":36}},"loc":{"start":{"line":37,"column":39},"end":{"line":48,"column":5}},"line":37}},"branchMap":{"0":{"loc":{"start":{"line":10,"column":46},"end":{"line":10,"column":94}},"type":"cond-expr","locations":[{"start":{"line":10,"column":70},"end":{"line":10,"column":73}},{"start":{"line":10,"column":76},"end":{"line":10,"column":94}}],"line":10},"1":{"loc":{"start":{"line":10,"column":46},"end":{"line":10,"column":67}},"type":"binary-expr","locations":[{"start":{"line":10,"column":46},"end":{"line":10,"column":49}},{"start":{"line":10,"column":53},"end":{"line":10,"column":67}}],"line":10},"2":{"loc":{"start":{"line":12,"column":50},"end":{"line":12,"column":151}},"type":"if","locations":[{"start":{"line":12,"column":50},"end":{"line":12,"column":151}},{"start":{"line":12,"column":50},"end":{"line":12,"column":151}}],"line":12},"3":{"loc":{"start":{"line":14,"column":136},"end":{"line":14,"column":166}},"type":"binary-expr","locations":[{"start":{"line":14,"column":136},"end":{"line":14,"column":157}},{"start":{"line":14,"column":161},"end":{"line":14,"column":166}}],"line":14},"4":{"loc":{"start":{"line":14,"column":200},"end":{"line":14,"column":254}},"type":"if","locations":[{"start":{"line":14,"column":200},"end":{"line":14,"column":254}},{"start":{"line":14,"column":200},"end":{"line":14,"column":254}}],"line":14},"5":{"loc":{"start":{"line":16,"column":62},"end":{"line":16,"column":131}},"type":"if","locations":[{"start":{"line":16,"column":62},"end":{"line":16,"column":131}},{"start":{"line":16,"column":62},"end":{"line":16,"column":131}}],"line":16},"6":{"loc":{"start":{"line":16,"column":132},"end":{"line":16,"column":193}},"type":"if","locations":[{"start":{"line":16,"column":132},"end":{"line":16,"column":193}},{"start":{"line":16,"column":132},"end":{"line":16,"column":193}}],"line":16}},"s":{"0":1,"1":1,"2":1,"3":1,"4":0,"5":0,"6":1,"7":1,"8":2,"9":2,"10":2,"11":2,"12":2,"13":2,"14":1,"15":0,"16":1,"17":1,"18":1,"19":1,"20":0,"21":1,"22":8,"23":6,"24":1,"25":1,"26":1},"f":{"0":1,"1":0,"2":1,"3":1,"4":1,"5":0,"6":8,"7":6},"b":{"0":[0,1],"1":[1,1],"2":[0,0],"3":[2,2],"4":[2,0],"5":[0,1],"6":[1,0]},"_coverageSchema":"43e27e138ebf9cfc5966b082cf9a028302ed4184","hash":"0070516c8eb4165cbd25a422e988d0b1770ee117","contentHash":"83253a314055b9fdc43f72368b0d483a144411a8406dfa4de0c534ca8acd19cc"},"/home/shyaka/Desktop/BootCamp/Broadcaster/server/app.js":{"path":"/home/shyaka/Desktop/BootCamp/Broadcaster/server/app.js","statementMap":{"0":{"start":{"line":3,"column":0},"end":{"line":5,"column":3}},"1":{"start":{"line":6,"column":0},"end":{"line":6,"column":28}},"2":{"start":{"line":8,"column":15},"end":{"line":8,"column":57}},"3":{"start":{"line":10,"column":18},"end":{"line":10,"column":64}},"4":{"start":{"line":12,"column":14},"end":{"line":12,"column":55}},"5":{"start":{"line":14,"column":12},"end":{"line":14,"column":60}},"6":{"start":{"line":16,"column":16},"end":{"line":16,"column":68}},"7":{"start":{"line":18,"column":39},"end":{"line":18,"column":95}},"8":{"start":{"line":20,"column":0},"end":{"line":20,"column":28}},"9":{"start":{"line":22,"column":10},"end":{"line":22,"column":36}},"10":{"start":{"line":23,"column":0},"end":{"line":25,"column":4}},"11":{"start":{"line":26,"column":0},"end":{"line":26,"column":39}},"12":{"start":{"line":27,"column":0},"end":{"line":27,"column":42}},"13":{"start":{"line":28,"column":0},"end":{"line":28,"column":51}},"14":{"start":{"line":29,"column":15},"end":{"line":29,"column":18}},"15":{"start":{"line":30,"column":0},"end":{"line":30,"column":30}}},"fnMap":{"0":{"name":"_interopRequireDefault","decl":{"start":{"line":18,"column":9},"end":{"line":18,"column":31}},"loc":{"start":{"line":18,"column":37},"end":{"line":18,"column":97}},"line":18}},"branchMap":{"0":{"loc":{"start":{"line":18,"column":46},"end":{"line":18,"column":94}},"type":"cond-expr","locations":[{"start":{"line":18,"column":70},"end":{"line":18,"column":73}},{"start":{"line":18,"column":76},"end":{"line":18,"column":94}}],"line":18},"1":{"loc":{"start":{"line":18,"column":46},"end":{"line":18,"column":67}},"type":"binary-expr","locations":[{"start":{"line":18,"column":46},"end":{"line":18,"column":49}},{"start":{"line":18,"column":53},"end":{"line":18,"column":67}}],"line":18}},"s":{"0":1,"1":1,"2":1,"3":1,"4":1,"5":1,"6":1,"7":5,"8":1,"9":1,"10":1,"11":1,"12":1,"13":1,"14":1,"15":1},"f":{"0":5},"b":{"0":[2,3],"1":[5,5]},"_coverageSchema":"43e27e138ebf9cfc5966b082cf9a028302ed4184","hash":"7b52a8cd814c7fda243322068e861ea955453a50","contentHash":"066b609d0003bc756b0679b5af339d87df3d4fa12da9255cd40a10160308a3a2"},"/home/shyaka/Desktop/BootCamp/Broadcaster/server/routes/Auth.js":{"path":"/home/shyaka/Desktop/BootCamp/Broadcaster/server/routes/Auth.js","statementMap":{"0":{"start":{"line":3,"column":0},"end":{"line":5,"column":3}},"1":{"start":{"line":6,"column":0},"end":{"line":6,"column":28}},"2":{"start":{"line":8,"column":15},"end":{"line":8,"column":57}},"3":{"start":{"line":10,"column":22},"end":{"line":10,"column":86}},"4":{"start":{"line":12,"column":19},"end":{"line":12,"column":79}},"5":{"start":{"line":14,"column":39},"end":{"line":14,"column":95}},"6":{"start":{"line":16,"column":13},"end":{"line":16,"column":41}},"7":{"start":{"line":18,"column":0},"end":{"line":18,"column":94}},"8":{"start":{"line":19,"column":0},"end":{"line":19,"column":94}},"9":{"start":{"line":20,"column":15},"end":{"line":20,"column":21}},"10":{"start":{"line":21,"column":0},"end":{"line":21,"column":30}}},"fnMap":{"0":{"name":"_interopRequireDefault","decl":{"start":{"line":14,"column":9},"end":{"line":14,"column":31}},"loc":{"start":{"line":14,"column":37},"end":{"line":14,"column":97}},"line":14}},"branchMap":{"0":{"loc":{"start":{"line":14,"column":46},"end":{"line":14,"column":94}},"type":"cond-expr","locations":[{"start":{"line":14,"column":70},"end":{"line":14,"column":73}},{"start":{"line":14,"column":76},"end":{"line":14,"column":94}}],"line":14},"1":{"loc":{"start":{"line":14,"column":46},"end":{"line":14,"column":67}},"type":"binary-expr","locations":[{"start":{"line":14,"column":46},"end":{"line":14,"column":49}},{"start":{"line":14,"column":53},"end":{"line":14,"column":67}}],"line":14}},"s":{"0":1,"1":1,"2":1,"3":1,"4":1,"5":3,"6":1,"7":1,"8":1,"9":1,"10":1},"f":{"0":3},"b":{"0":[2,1],"1":[3,3]},"_coverageSchema":"43e27e138ebf9cfc5966b082cf9a028302ed4184","hash":"1ecb2dd50c8771e7311ed6d79420754b25c78722","contentHash":"38bb724438c6a094ec83297f31b3ef15f99122f788292e0065db4f12f0425557"},"/home/shyaka/Desktop/BootCamp/Broadcaster/server/controllers/UserController.js":{"path":"/home/shyaka/Desktop/BootCamp/Broadcaster/server/controllers/UserController.js","statementMap":{"0":{"start":{"line":3,"column":0},"end":{"line":5,"column":3}},"1":{"start":{"line":6,"column":0},"end":{"line":6,"column":28}},"2":{"start":{"line":8,"column":12},"end":{"line":8,"column":61}},"3":{"start":{"line":10,"column":17},"end":{"line":10,"column":72}},"4":{"start":{"line":12,"column":14},"end":{"line":12,"column":66}},"5":{"start":{"line":14,"column":39},"end":{"line":14,"column":95}},"6":{"start":{"line":16,"column":50},"end":{"line":16,"column":151}},"7":{"start":{"line":16,"column":92},"end":{"line":16,"column":149}},"8":{"start":{"line":18,"column":44},"end":{"line":18,"column":315}},"9":{"start":{"line":18,"column":57},"end":{"line":18,"column":58}},"10":{"start":{"line":18,"column":102},"end":{"line":18,"column":110}},"11":{"start":{"line":18,"column":112},"end":{"line":18,"column":167}},"12":{"start":{"line":18,"column":168},"end":{"line":18,"column":199}},"13":{"start":{"line":18,"column":200},"end":{"line":18,"column":254}},"14":{"start":{"line":18,"column":227},"end":{"line":18,"column":254}},"15":{"start":{"line":18,"column":255},"end":{"line":18,"column":313}},"16":{"start":{"line":20,"column":62},"end":{"line":20,"column":131}},"17":{"start":{"line":20,"column":78},"end":{"line":20,"column":131}},"18":{"start":{"line":20,"column":132},"end":{"line":20,"column":193}},"19":{"start":{"line":20,"column":149},"end":{"line":20,"column":193}},"20":{"start":{"line":20,"column":194},"end":{"line":20,"column":213}},"21":{"start":{"line":22,"column":12},"end":{"line":22,"column":34}},"22":{"start":{"line":26,"column":0},"end":{"line":122,"column":3}},"23":{"start":{"line":28,"column":4},"end":{"line":28,"column":42}},"24":{"start":{"line":31,"column":2},"end":{"line":119,"column":6}},"25":{"start":{"line":34,"column":22},"end":{"line":34,"column":30}},"26":{"start":{"line":35,"column":18},"end":{"line":35,"column":33}},"27":{"start":{"line":36,"column":18},"end":{"line":36,"column":33}},"28":{"start":{"line":37,"column":18},"end":{"line":37,"column":33}},"29":{"start":{"line":38,"column":18},"end":{"line":38,"column":33}},"30":{"start":{"line":39,"column":21},"end":{"line":39,"column":39}},"31":{"start":{"line":40,"column":21},"end":{"line":40,"column":39}},"32":{"start":{"line":41,"column":22},"end":{"line":41,"column":49}},"33":{"start":{"line":43,"column":6},"end":{"line":72,"column":7}},"34":{"start":{"line":44,"column":8},"end":{"line":47,"column":11}},"35":{"start":{"line":49,"column":32},"end":{"line":49,"column":67}},"36":{"start":{"line":51,"column":8},"end":{"line":51,"column":80}},"37":{"start":{"line":52,"column":21},"end":{"line":52,"column":42}},"38":{"start":{"line":54,"column":23},"end":{"line":58,"column":10}},"39":{"start":{"line":60,"column":8},"end":{"line":71,"column":11}},"40":{"start":{"line":77,"column":6},"end":{"line":117,"column":7}},"41":{"start":{"line":78,"column":24},"end":{"line":78,"column":60}},"42":{"start":{"line":80,"column":23},"end":{"line":80,"column":87}},"43":{"start":{"line":82,"column":8},"end":{"line":87,"column":9}},"44":{"start":{"line":83,"column":10},"end":{"line":86,"column":13}},"45":{"start":{"line":89,"column":23},"end":{"line":93,"column":10}},"46":{"start":{"line":95,"column":8},"end":{"line":104,"column":11}},"47":{"start":{"line":106,"column":8},"end":{"line":111,"column":9}},"48":{"start":{"line":107,"column":10},"end":{"line":110,"column":13}},"49":{"start":{"line":113,"column":8},"end":{"line":116,"column":11}},"50":{"start":{"line":121,"column":2},"end":{"line":121,"column":24}},"51":{"start":{"line":124,"column":15},"end":{"line":124,"column":29}},"52":{"start":{"line":125,"column":0},"end":{"line":125,"column":30}}},"fnMap":{"0":{"name":"_interopRequireDefault","decl":{"start":{"line":14,"column":9},"end":{"line":14,"column":31}},"loc":{"start":{"line":14,"column":37},"end":{"line":14,"column":97}},"line":14},"1":{"name":"_classCallCheck","decl":{"start":{"line":16,"column":9},"end":{"line":16,"column":24}},"loc":{"start":{"line":16,"column":48},"end":{"line":16,"column":153}},"line":16},"2":{"name":"_defineProperties","decl":{"start":{"line":18,"column":9},"end":{"line":18,"column":26}},"loc":{"start":{"line":18,"column":42},"end":{"line":18,"column":317}},"line":18},"3":{"name":"_createClass","decl":{"start":{"line":20,"column":9},"end":{"line":20,"column":21}},"loc":{"start":{"line":20,"column":60},"end":{"line":20,"column":215}},"line":20},"4":{"name":"(anonymous_4)","decl":{"start":{"line":26,"column":0},"end":{"line":26,"column":1}},"loc":{"start":{"line":26,"column":12},"end":{"line":122,"column":1}},"line":26},"5":{"name":"UserController","decl":{"start":{"line":27,"column":11},"end":{"line":27,"column":25}},"loc":{"start":{"line":27,"column":28},"end":{"line":29,"column":3}},"line":27},"6":{"name":"signup","decl":{"start":{"line":33,"column":20},"end":{"line":33,"column":26}},"loc":{"start":{"line":33,"column":37},"end":{"line":73,"column":5}},"line":33},"7":{"name":"signin","decl":{"start":{"line":76,"column":20},"end":{"line":76,"column":26}},"loc":{"start":{"line":76,"column":37},"end":{"line":118,"column":5}},"line":76}},"branchMap":{"0":{"loc":{"start":{"line":14,"column":46},"end":{"line":14,"column":94}},"type":"cond-expr","locations":[{"start":{"line":14,"column":70},"end":{"line":14,"column":73}},{"start":{"line":14,"column":76},"end":{"line":14,"column":94}}],"line":14},"1":{"loc":{"start":{"line":14,"column":46},"end":{"line":14,"column":67}},"type":"binary-expr","locations":[{"start":{"line":14,"column":46},"end":{"line":14,"column":49}},{"start":{"line":14,"column":53},"end":{"line":14,"column":67}}],"line":14},"2":{"loc":{"start":{"line":16,"column":50},"end":{"line":16,"column":151}},"type":"if","locations":[{"start":{"line":16,"column":50},"end":{"line":16,"column":151}},{"start":{"line":16,"column":50},"end":{"line":16,"column":151}}],"line":16},"3":{"loc":{"start":{"line":18,"column":136},"end":{"line":18,"column":166}},"type":"binary-expr","locations":[{"start":{"line":18,"column":136},"end":{"line":18,"column":157}},{"start":{"line":18,"column":161},"end":{"line":18,"column":166}}],"line":18},"4":{"loc":{"start":{"line":18,"column":200},"end":{"line":18,"column":254}},"type":"if","locations":[{"start":{"line":18,"column":200},"end":{"line":18,"column":254}},{"start":{"line":18,"column":200},"end":{"line":18,"column":254}}],"line":18},"5":{"loc":{"start":{"line":20,"column":62},"end":{"line":20,"column":131}},"type":"if","locations":[{"start":{"line":20,"column":62},"end":{"line":20,"column":131}},{"start":{"line":20,"column":62},"end":{"line":20,"column":131}}],"line":20},"6":{"loc":{"start":{"line":20,"column":132},"end":{"line":20,"column":193}},"type":"if","locations":[{"start":{"line":20,"column":132},"end":{"line":20,"column":193}},{"start":{"line":20,"column":132},"end":{"line":20,"column":193}}],"line":20},"7":{"loc":{"start":{"line":43,"column":6},"end":{"line":72,"column":7}},"type":"if","locations":[{"start":{"line":43,"column":6},"end":{"line":72,"column":7}},{"start":{"line":43,"column":6},"end":{"line":72,"column":7}}],"line":43},"8":{"loc":{"start":{"line":82,"column":8},"end":{"line":87,"column":9}},"type":"if","locations":[{"start":{"line":82,"column":8},"end":{"line":87,"column":9}},{"start":{"line":82,"column":8},"end":{"line":87,"column":9}}],"line":82},"9":{"loc":{"start":{"line":82,"column":12},"end":{"line":82,"column":35}},"type":"binary-expr","locations":[{"start":{"line":82,"column":12},"end":{"line":82,"column":22}},{"start":{"line":82,"column":26},"end":{"line":82,"column":35}}],"line":82},"10":{"loc":{"start":{"line":106,"column":8},"end":{"line":111,"column":9}},"type":"if","locations":[{"start":{"line":106,"column":8},"end":{"line":111,"column":9}},{"start":{"line":106,"column":8},"end":{"line":111,"column":9}}],"line":106}},"s":{"0":1,"1":1,"2":1,"3":1,"4":1,"5":3,"6":0,"7":0,"8":1,"9":1,"10":2,"11":2,"12":2,"13":2,"14":2,"15":2,"16":1,"17":0,"18":1,"19":1,"20":1,"21":1,"22":1,"23":0,"24":1,"25":3,"26":3,"27":3,"28":3,"29":3,"30":3,"31":3,"32":3,"33":3,"34":1,"35":2,"36":2,"37":2,"38":2,"39":2,"40":2,"41":2,"42":2,"43":1,"44":0,"45":1,"46":1,"47":1,"48":1,"49":0,"50":1,"51":1,"52":1},"f":{"0":3,"1":0,"2":1,"3":1,"4":1,"5":0,"6":3,"7":2},"b":{"0":[3,0],"1":[3,3],"2":[0,0],"3":[2,2],"4":[2,0],"5":[0,1],"6":[1,0],"7":[1,2],"8":[0,1],"9":[1,1],"10":[1,0]},"_coverageSchema":"43e27e138ebf9cfc5966b082cf9a028302ed4184","hash":"4c1a8db3097f6da20aab6dbce7cc88e10d87b6dd","contentHash":"b40781b56d0220c0d6b766baf0e76fe5966623a22028f267d9b5cc36353cf186"},"/home/shyaka/Desktop/BootCamp/Broadcaster/server/models/User.js":{"path":"/home/shyaka/Desktop/BootCamp/Broadcaster/server/models/User.js","statementMap":{"0":{"start":{"line":3,"column":0},"end":{"line":5,"column":3}},"1":{"start":{"line":6,"column":0},"end":{"line":6,"column":28}},"2":{"start":{"line":8,"column":50},"end":{"line":8,"column":151}},"3":{"start":{"line":8,"column":92},"end":{"line":8,"column":149}},"4":{"start":{"line":10,"column":44},"end":{"line":10,"column":315}},"5":{"start":{"line":10,"column":57},"end":{"line":10,"column":58}},"6":{"start":{"line":10,"column":102},"end":{"line":10,"column":110}},"7":{"start":{"line":10,"column":112},"end":{"line":10,"column":167}},"8":{"start":{"line":10,"column":168},"end":{"line":10,"column":199}},"9":{"start":{"line":10,"column":200},"end":{"line":10,"column":254}},"10":{"start":{"line":10,"column":227},"end":{"line":10,"column":254}},"11":{"start":{"line":10,"column":255},"end":{"line":10,"column":313}},"12":{"start":{"line":12,"column":62},"end":{"line":12,"column":131}},"13":{"start":{"line":12,"column":78},"end":{"line":12,"column":131}},"14":{"start":{"line":12,"column":132},"end":{"line":12,"column":193}},"15":{"start":{"line":12,"column":149},"end":{"line":12,"column":193}},"16":{"start":{"line":12,"column":194},"end":{"line":12,"column":213}},"17":{"start":{"line":16,"column":0},"end":{"line":67,"column":3}},"18":{"start":{"line":18,"column":4},"end":{"line":18,"column":32}},"19":{"start":{"line":20,"column":4},"end":{"line":20,"column":16}},"20":{"start":{"line":21,"column":4},"end":{"line":21,"column":20}},"21":{"start":{"line":22,"column":4},"end":{"line":22,"column":20}},"22":{"start":{"line":23,"column":4},"end":{"line":23,"column":20}},"23":{"start":{"line":24,"column":4},"end":{"line":24,"column":20}},"24":{"start":{"line":25,"column":4},"end":{"line":25,"column":23}},"25":{"start":{"line":26,"column":4},"end":{"line":26,"column":23}},"26":{"start":{"line":27,"column":4},"end":{"line":27,"column":24}},"27":{"start":{"line":30,"column":2},"end":{"line":64,"column":6}},"28":{"start":{"line":33,"column":6},"end":{"line":41,"column":8}},"29":{"start":{"line":46,"column":6},"end":{"line":46,"column":42}},"30":{"start":{"line":47,"column":6},"end":{"line":47,"column":25}},"31":{"start":{"line":48,"column":6},"end":{"line":48,"column":25}},"32":{"start":{"line":49,"column":6},"end":{"line":49,"column":25}},"33":{"start":{"line":50,"column":6},"end":{"line":50,"column":25}},"34":{"start":{"line":51,"column":6},"end":{"line":51,"column":31}},"35":{"start":{"line":52,"column":6},"end":{"line":52,"column":31}},"36":{"start":{"line":53,"column":6},"end":{"line":53,"column":45}},"37":{"start":{"line":58,"column":23},"end":{"line":60,"column":8}},"38":{"start":{"line":59,"column":8},"end":{"line":59,"column":36}},"39":{"start":{"line":61,"column":6},"end":{"line":61,"column":40}},"40":{"start":{"line":61,"column":22},"end":{"line":61,"column":40}},"41":{"start":{"line":62,"column":6},"end":{"line":62,"column":19}},"42":{"start":{"line":66,"column":2},"end":{"line":66,"column":14}},"43":{"start":{"line":69,"column":15},"end":{"line":69,"column":19}},"44":{"start":{"line":70,"column":0},"end":{"line":70,"column":30}}},"fnMap":{"0":{"name":"_classCallCheck","decl":{"start":{"line":8,"column":9},"end":{"line":8,"column":24}},"loc":{"start":{"line":8,"column":48},"end":{"line":8,"column":153}},"line":8},"1":{"name":"_defineProperties","decl":{"start":{"line":10,"column":9},"end":{"line":10,"column":26}},"loc":{"start":{"line":10,"column":42},"end":{"line":10,"column":317}},"line":10},"2":{"name":"_createClass","decl":{"start":{"line":12,"column":9},"end":{"line":12,"column":21}},"loc":{"start":{"line":12,"column":60},"end":{"line":12,"column":215}},"line":12},"3":{"name":"(anonymous_3)","decl":{"start":{"line":16,"column":0},"end":{"line":16,"column":1}},"loc":{"start":{"line":16,"column":12},"end":{"line":67,"column":1}},"line":16},"4":{"name":"User","decl":{"start":{"line":17,"column":11},"end":{"line":17,"column":15}},"loc":{"start":{"line":17,"column":18},"end":{"line":28,"column":3}},"line":17},"5":{"name":"userObject","decl":{"start":{"line":32,"column":20},"end":{"line":32,"column":30}},"loc":{"start":{"line":32,"column":33},"end":{"line":42,"column":5}},"line":32},"6":{"name":"saveUser","decl":{"start":{"line":45,"column":20},"end":{"line":45,"column":28}},"loc":{"start":{"line":45,"column":77},"end":{"line":54,"column":5}},"line":45},"7":{"name":"getUserByEmail","decl":{"start":{"line":57,"column":20},"end":{"line":57,"column":34}},"loc":{"start":{"line":57,"column":42},"end":{"line":63,"column":5}},"line":57},"8":{"name":"(anonymous_8)","decl":{"start":{"line":58,"column":43},"end":{"line":58,"column":44}},"loc":{"start":{"line":58,"column":59},"end":{"line":60,"column":7}},"line":58}},"branchMap":{"0":{"loc":{"start":{"line":8,"column":50},"end":{"line":8,"column":151}},"type":"if","locations":[{"start":{"line":8,"column":50},"end":{"line":8,"column":151}},{"start":{"line":8,"column":50},"end":{"line":8,"column":151}}],"line":8},"1":{"loc":{"start":{"line":10,"column":136},"end":{"line":10,"column":166}},"type":"binary-expr","locations":[{"start":{"line":10,"column":136},"end":{"line":10,"column":157}},{"start":{"line":10,"column":161},"end":{"line":10,"column":166}}],"line":10},"2":{"loc":{"start":{"line":10,"column":200},"end":{"line":10,"column":254}},"type":"if","locations":[{"start":{"line":10,"column":200},"end":{"line":10,"column":254}},{"start":{"line":10,"column":200},"end":{"line":10,"column":254}}],"line":10},"3":{"loc":{"start":{"line":12,"column":62},"end":{"line":12,"column":131}},"type":"if","locations":[{"start":{"line":12,"column":62},"end":{"line":12,"column":131}},{"start":{"line":12,"column":62},"end":{"line":12,"column":131}}],"line":12},"4":{"loc":{"start":{"line":12,"column":132},"end":{"line":12,"column":193}},"type":"if","locations":[{"start":{"line":12,"column":132},"end":{"line":12,"column":193}},{"start":{"line":12,"column":132},"end":{"line":12,"column":193}}],"line":12},"5":{"loc":{"start":{"line":61,"column":6},"end":{"line":61,"column":40}},"type":"if","locations":[{"start":{"line":61,"column":6},"end":{"line":61,"column":40}},{"start":{"line":61,"column":6},"end":{"line":61,"column":40}}],"line":61}},"s":{"0":1,"1":1,"2":1,"3":0,"4":1,"5":1,"6":3,"7":3,"8":3,"9":3,"10":3,"11":3,"12":1,"13":1,"14":1,"15":0,"16":1,"17":1,"18":1,"19":1,"20":1,"21":1,"22":1,"23":1,"24":1,"25":1,"26":1,"27":1,"28":4,"29":2,"30":2,"31":2,"32":2,"33":2,"34":2,"35":2,"36":2,"37":5,"38":5,"39":5,"40":2,"41":3,"42":1,"43":1,"44":1},"f":{"0":1,"1":1,"2":1,"3":1,"4":1,"5":4,"6":2,"7":5,"8":5},"b":{"0":[0,1],"1":[3,3],"2":[3,0],"3":[1,0],"4":[0,1],"5":[2,3]},"_coverageSchema":"43e27e138ebf9cfc5966b082cf9a028302ed4184","hash":"180f06992ca635a1aa568a0b2e42ac1b6fe401a1","contentHash":"e95e5634b4bb073f51453ae61547c2e7c885f4d34d9c3c565aaf86239516efd7"},"/home/shyaka/Desktop/BootCamp/Broadcaster/server/helpers/UserToken.js":{"path":"/home/shyaka/Desktop/BootCamp/Broadcaster/server/helpers/UserToken.js","statementMap":{"0":{"start":{"line":3,"column":0},"end":{"line":5,"column":3}},"1":{"start":{"line":6,"column":0},"end":{"line":6,"column":28}},"2":{"start":{"line":8,"column":20},"end":{"line":8,"column":67}},"3":{"start":{"line":10,"column":14},"end":{"line":10,"column":55}},"4":{"start":{"line":12,"column":39},"end":{"line":12,"column":95}},"5":{"start":{"line":14,"column":50},"end":{"line":14,"column":151}},"6":{"start":{"line":14,"column":92},"end":{"line":14,"column":149}},"7":{"start":{"line":16,"column":44},"end":{"line":16,"column":315}},"8":{"start":{"line":16,"column":57},"end":{"line":16,"column":58}},"9":{"start":{"line":16,"column":102},"end":{"line":16,"column":110}},"10":{"start":{"line":16,"column":112},"end":{"line":16,"column":167}},"11":{"start":{"line":16,"column":168},"end":{"line":16,"column":199}},"12":{"start":{"line":16,"column":200},"end":{"line":16,"column":254}},"13":{"start":{"line":16,"column":227},"end":{"line":16,"column":254}},"14":{"start":{"line":16,"column":255},"end":{"line":16,"column":313}},"15":{"start":{"line":18,"column":62},"end":{"line":18,"column":131}},"16":{"start":{"line":18,"column":78},"end":{"line":18,"column":131}},"17":{"start":{"line":18,"column":132},"end":{"line":18,"column":193}},"18":{"start":{"line":18,"column":149},"end":{"line":18,"column":193}},"19":{"start":{"line":18,"column":194},"end":{"line":18,"column":213}},"20":{"start":{"line":20,"column":0},"end":{"line":20,"column":28}},"21":{"start":{"line":24,"column":0},"end":{"line":37,"column":3}},"22":{"start":{"line":26,"column":4},"end":{"line":26,"column":37}},"23":{"start":{"line":29,"column":2},"end":{"line":34,"column":6}},"24":{"start":{"line":32,"column":6},"end":{"line":32,"column":76}},"25":{"start":{"line":36,"column":2},"end":{"line":36,"column":19}},"26":{"start":{"line":39,"column":15},"end":{"line":39,"column":24}},"27":{"start":{"line":40,"column":0},"end":{"line":40,"column":30}}},"fnMap":{"0":{"name":"_interopRequireDefault","decl":{"start":{"line":12,"column":9},"end":{"line":12,"column":31}},"loc":{"start":{"line":12,"column":37},"end":{"line":12,"column":97}},"line":12},"1":{"name":"_classCallCheck","decl":{"start":{"line":14,"column":9},"end":{"line":14,"column":24}},"loc":{"start":{"line":14,"column":48},"end":{"line":14,"column":153}},"line":14},"2":{"name":"_defineProperties","decl":{"start":{"line":16,"column":9},"end":{"line":16,"column":26}},"loc":{"start":{"line":16,"column":42},"end":{"line":16,"column":317}},"line":16},"3":{"name":"_createClass","decl":{"start":{"line":18,"column":9},"end":{"line":18,"column":21}},"loc":{"start":{"line":18,"column":60},"end":{"line":18,"column":215}},"line":18},"4":{"name":"(anonymous_4)","decl":{"start":{"line":24,"column":0},"end":{"line":24,"column":1}},"loc":{"start":{"line":24,"column":12},"end":{"line":37,"column":1}},"line":24},"5":{"name":"UserToken","decl":{"start":{"line":25,"column":11},"end":{"line":25,"column":20}},"loc":{"start":{"line":25,"column":23},"end":{"line":27,"column":3}},"line":25},"6":{"name":"generateToken","decl":{"start":{"line":31,"column":20},"end":{"line":31,"column":33}},"loc":{"start":{"line":31,"column":43},"end":{"line":33,"column":5}},"line":31}},"branchMap":{"0":{"loc":{"start":{"line":12,"column":46},"end":{"line":12,"column":94}},"type":"cond-expr","locations":[{"start":{"line":12,"column":70},"end":{"line":12,"column":73}},{"start":{"line":12,"column":76},"end":{"line":12,"column":94}}],"line":12},"1":{"loc":{"start":{"line":12,"column":46},"end":{"line":12,"column":67}},"type":"binary-expr","locations":[{"start":{"line":12,"column":46},"end":{"line":12,"column":49}},{"start":{"line":12,"column":53},"end":{"line":12,"column":67}}],"line":12},"2":{"loc":{"start":{"line":14,"column":50},"end":{"line":14,"column":151}},"type":"if","locations":[{"start":{"line":14,"column":50},"end":{"line":14,"column":151}},{"start":{"line":14,"column":50},"end":{"line":14,"column":151}}],"line":14},"3":{"loc":{"start":{"line":16,"column":136},"end":{"line":16,"column":166}},"type":"binary-expr","locations":[{"start":{"line":16,"column":136},"end":{"line":16,"column":157}},{"start":{"line":16,"column":161},"end":{"line":16,"column":166}}],"line":16},"4":{"loc":{"start":{"line":16,"column":200},"end":{"line":16,"column":254}},"type":"if","locations":[{"start":{"line":16,"column":200},"end":{"line":16,"column":254}},{"start":{"line":16,"column":200},"end":{"line":16,"column":254}}],"line":16},"5":{"loc":{"start":{"line":18,"column":62},"end":{"line":18,"column":131}},"type":"if","locations":[{"start":{"line":18,"column":62},"end":{"line":18,"column":131}},{"start":{"line":18,"column":62},"end":{"line":18,"column":131}}],"line":18},"6":{"loc":{"start":{"line":18,"column":132},"end":{"line":18,"column":193}},"type":"if","locations":[{"start":{"line":18,"column":132},"end":{"line":18,"column":193}},{"start":{"line":18,"column":132},"end":{"line":18,"column":193}}],"line":18}},"s":{"0":1,"1":1,"2":1,"3":1,"4":2,"5":0,"6":0,"7":1,"8":1,"9":1,"10":1,"11":1,"12":1,"13":1,"14":1,"15":1,"16":0,"17":1,"18":1,"19":1,"20":1,"21":1,"22":0,"23":1,"24":3,"25":1,"26":1,"27":1},"f":{"0":2,"1":0,"2":1,"3":1,"4":1,"5":0,"6":3},"b":{"0":[0,2],"1":[2,2],"2":[0,0],"3":[1,1],"4":[1,0],"5":[0,1],"6":[1,0]},"_coverageSchema":"43e27e138ebf9cfc5966b082cf9a028302ed4184","hash":"5adab7f7551b2c12e10b71d2e79c2efc1ad7ab8b","contentHash":"7a7057bc7cdd1468394248ab29962c4b32a4de2879cc6cfb84e71027249ab372"},"/home/shyaka/Desktop/BootCamp/Broadcaster/server/helpers/Bcrypt.js":{"path":"/home/shyaka/Desktop/BootCamp/Broadcaster/server/helpers/Bcrypt.js","statementMap":{"0":{"start":{"line":3,"column":0},"end":{"line":5,"column":3}},"1":{"start":{"line":6,"column":0},"end":{"line":6,"column":28}},"2":{"start":{"line":8,"column":14},"end":{"line":8,"column":55}},"3":{"start":{"line":10,"column":39},"end":{"line":10,"column":95}},"4":{"start":{"line":12,"column":50},"end":{"line":12,"column":151}},"5":{"start":{"line":12,"column":92},"end":{"line":12,"column":149}},"6":{"start":{"line":14,"column":44},"end":{"line":14,"column":315}},"7":{"start":{"line":14,"column":57},"end":{"line":14,"column":58}},"8":{"start":{"line":14,"column":102},"end":{"line":14,"column":110}},"9":{"start":{"line":14,"column":112},"end":{"line":14,"column":167}},"10":{"start":{"line":14,"column":168},"end":{"line":14,"column":199}},"11":{"start":{"line":14,"column":200},"end":{"line":14,"column":254}},"12":{"start":{"line":14,"column":227},"end":{"line":14,"column":254}},"13":{"start":{"line":14,"column":255},"end":{"line":14,"column":313}},"14":{"start":{"line":16,"column":62},"end":{"line":16,"column":131}},"15":{"start":{"line":16,"column":78},"end":{"line":16,"column":131}},"16":{"start":{"line":16,"column":132},"end":{"line":16,"column":193}},"17":{"start":{"line":16,"column":149},"end":{"line":16,"column":193}},"18":{"start":{"line":16,"column":194},"end":{"line":16,"column":213}},"19":{"start":{"line":20,"column":0},"end":{"line":38,"column":3}},"20":{"start":{"line":22,"column":4},"end":{"line":22,"column":34}},"21":{"start":{"line":25,"column":2},"end":{"line":35,"column":6}},"22":{"start":{"line":28,"column":6},"end":{"line":28,"column":55}},"23":{"start":{"line":33,"column":6},"end":{"line":33,"column":66}},"24":{"start":{"line":37,"column":2},"end":{"line":37,"column":16}},"25":{"start":{"line":40,"column":15},"end":{"line":40,"column":21}},"26":{"start":{"line":41,"column":0},"end":{"line":41,"column":30}}},"fnMap":{"0":{"name":"_interopRequireDefault","decl":{"start":{"line":10,"column":9},"end":{"line":10,"column":31}},"loc":{"start":{"line":10,"column":37},"end":{"line":10,"column":97}},"line":10},"1":{"name":"_classCallCheck","decl":{"start":{"line":12,"column":9},"end":{"line":12,"column":24}},"loc":{"start":{"line":12,"column":48},"end":{"line":12,"column":153}},"line":12},"2":{"name":"_defineProperties","decl":{"start":{"line":14,"column":9},"end":{"line":14,"column":26}},"loc":{"start":{"line":14,"column":42},"end":{"line":14,"column":317}},"line":14},"3":{"name":"_createClass","decl":{"start":{"line":16,"column":9},"end":{"line":16,"column":21}},"loc":{"start":{"line":16,"column":60},"end":{"line":16,"column":215}},"line":16},"4":{"name":"(anonymous_4)","decl":{"start":{"line":20,"column":0},"end":{"line":20,"column":1}},"loc":{"start":{"line":20,"column":12},"end":{"line":38,"column":1}},"line":20},"5":{"name":"Bcrypt","decl":{"start":{"line":21,"column":11},"end":{"line":21,"column":17}},"loc":{"start":{"line":21,"column":20},"end":{"line":23,"column":3}},"line":21},"6":{"name":"encryt","decl":{"start":{"line":27,"column":20},"end":{"line":27,"column":26}},"loc":{"start":{"line":27,"column":37},"end":{"line":29,"column":5}},"line":27},"7":{"name":"decryt","decl":{"start":{"line":32,"column":20},"end":{"line":32,"column":26}},"loc":{"start":{"line":32,"column":49},"end":{"line":34,"column":5}},"line":32}},"branchMap":{"0":{"loc":{"start":{"line":10,"column":46},"end":{"line":10,"column":94}},"type":"cond-expr","locations":[{"start":{"line":10,"column":70},"end":{"line":10,"column":73}},{"start":{"line":10,"column":76},"end":{"line":10,"column":94}}],"line":10},"1":{"loc":{"start":{"line":10,"column":46},"end":{"line":10,"column":67}},"type":"binary-expr","locations":[{"start":{"line":10,"column":46},"end":{"line":10,"column":49}},{"start":{"line":10,"column":53},"end":{"line":10,"column":67}}],"line":10},"2":{"loc":{"start":{"line":12,"column":50},"end":{"line":12,"column":151}},"type":"if","locations":[{"start":{"line":12,"column":50},"end":{"line":12,"column":151}},{"start":{"line":12,"column":50},"end":{"line":12,"column":151}}],"line":12},"3":{"loc":{"start":{"line":14,"column":136},"end":{"line":14,"column":166}},"type":"binary-expr","locations":[{"start":{"line":14,"column":136},"end":{"line":14,"column":157}},{"start":{"line":14,"column":161},"end":{"line":14,"column":166}}],"line":14},"4":{"loc":{"start":{"line":14,"column":200},"end":{"line":14,"column":254}},"type":"if","locations":[{"start":{"line":14,"column":200},"end":{"line":14,"column":254}},{"start":{"line":14,"column":200},"end":{"line":14,"column":254}}],"line":14},"5":{"loc":{"start":{"line":16,"column":62},"end":{"line":16,"column":131}},"type":"if","locations":[{"start":{"line":16,"column":62},"end":{"line":16,"column":131}},{"start":{"line":16,"column":62},"end":{"line":16,"column":131}}],"line":16},"6":{"loc":{"start":{"line":16,"column":132},"end":{"line":16,"column":193}},"type":"if","locations":[{"start":{"line":16,"column":132},"end":{"line":16,"column":193}},{"start":{"line":16,"column":132},"end":{"line":16,"column":193}}],"line":16}},"s":{"0":1,"1":1,"2":1,"3":1,"4":0,"5":0,"6":1,"7":1,"8":2,"9":2,"10":2,"11":2,"12":2,"13":2,"14":1,"15":0,"16":1,"17":1,"18":1,"19":1,"20":0,"21":1,"22":2,"23":2,"24":1,"25":1,"26":1},"f":{"0":1,"1":0,"2":1,"3":1,"4":1,"5":0,"6":2,"7":2},"b":{"0":[0,1],"1":[1,1],"2":[0,0],"3":[2,2],"4":[2,0],"5":[0,1],"6":[1,0]},"_coverageSchema":"43e27e138ebf9cfc5966b082cf9a028302ed4184","hash":"38a1aadcd5583acc8a9dd6854fd8e7251b483336","contentHash":"052f19bd411f169e0ed0f3e05607d95fe61258110eaeb666af02a79d52aa2a04"},"/home/shyaka/Desktop/BootCamp/Broadcaster/server/middleware/Validations.js":{"path":"/home/shyaka/Desktop/BootCamp/Broadcaster/server/middleware/Validations.js","statementMap":{"0":{"start":{"line":3,"column":0},"end":{"line":5,"column":3}},"1":{"start":{"line":6,"column":0},"end":{"line":6,"column":28}},"2":{"start":{"line":8,"column":11},"end":{"line":8,"column":55}},"3":{"start":{"line":10,"column":14},"end":{"line":10,"column":55}},"4":{"start":{"line":12,"column":39},"end":{"line":12,"column":95}},"5":{"start":{"line":14,"column":50},"end":{"line":14,"column":151}},"6":{"start":{"line":14,"column":92},"end":{"line":14,"column":149}},"7":{"start":{"line":16,"column":44},"end":{"line":16,"column":315}},"8":{"start":{"line":16,"column":57},"end":{"line":16,"column":58}},"9":{"start":{"line":16,"column":102},"end":{"line":16,"column":110}},"10":{"start":{"line":16,"column":112},"end":{"line":16,"column":167}},"11":{"start":{"line":16,"column":168},"end":{"line":16,"column":199}},"12":{"start":{"line":16,"column":200},"end":{"line":16,"column":254}},"13":{"start":{"line":16,"column":227},"end":{"line":16,"column":254}},"14":{"start":{"line":16,"column":255},"end":{"line":16,"column":313}},"15":{"start":{"line":18,"column":62},"end":{"line":18,"column":131}},"16":{"start":{"line":18,"column":78},"end":{"line":18,"column":131}},"17":{"start":{"line":18,"column":132},"end":{"line":18,"column":193}},"18":{"start":{"line":18,"column":149},"end":{"line":18,"column":193}},"19":{"start":{"line":18,"column":194},"end":{"line":18,"column":213}},"20":{"start":{"line":22,"column":0},"end":{"line":191,"column":3}},"21":{"start":{"line":24,"column":4},"end":{"line":24,"column":39}},"22":{"start":{"line":27,"column":2},"end":{"line":188,"column":6}},"23":{"start":{"line":30,"column":19},"end":{"line":37,"column":8}},"24":{"start":{"line":39,"column":29},"end":{"line":39,"column":54}},"25":{"start":{"line":40,"column":18},"end":{"line":40,"column":40}},"26":{"start":{"line":42,"column":6},"end":{"line":47,"column":20}},"27":{"start":{"line":43,"column":8},"end":{"line":46,"column":11}},"28":{"start":{"line":47,"column":13},"end":{"line":47,"column":20}},"29":{"start":{"line":52,"column":19},"end":{"line":55,"column":8}},"30":{"start":{"line":57,"column":30},"end":{"line":57,"column":55}},"31":{"start":{"line":58,"column":18},"end":{"line":58,"column":41}},"32":{"start":{"line":60,"column":6},"end":{"line":65,"column":20}},"33":{"start":{"line":61,"column":8},"end":{"line":64,"column":11}},"34":{"start":{"line":65,"column":13},"end":{"line":65,"column":20}},"35":{"start":{"line":70,"column":19},"end":{"line":75,"column":8}},"36":{"start":{"line":77,"column":6},"end":{"line":92,"column":7}},"37":{"start":{"line":78,"column":32},"end":{"line":78,"column":57}},"38":{"start":{"line":79,"column":20},"end":{"line":79,"column":43}},"39":{"start":{"line":81,"column":8},"end":{"line":86,"column":22}},"40":{"start":{"line":82,"column":10},"end":{"line":85,"column":13}},"41":{"start":{"line":86,"column":15},"end":{"line":86,"column":22}},"42":{"start":{"line":88,"column":8},"end":{"line":91,"column":11}},"43":{"start":{"line":97,"column":20},"end":{"line":110,"column":8}},"44":{"start":{"line":99,"column":10},"end":{"line":101,"column":11}},"45":{"start":{"line":100,"column":12},"end":{"line":100,"column":49}},"46":{"start":{"line":103,"column":10},"end":{"line":105,"column":11}},"47":{"start":{"line":104,"column":12},"end":{"line":104,"column":49}},"48":{"start":{"line":108,"column":10},"end":{"line":108,"column":115}},"49":{"start":{"line":112,"column":23},"end":{"line":120,"column":7}},"50":{"start":{"line":113,"column":8},"end":{"line":119,"column":9}},"51":{"start":{"line":114,"column":10},"end":{"line":114,"column":25}},"52":{"start":{"line":115,"column":15},"end":{"line":119,"column":9}},"53":{"start":{"line":116,"column":10},"end":{"line":116,"column":25}},"54":{"start":{"line":118,"column":10},"end":{"line":118,"column":26}},"55":{"start":{"line":122,"column":6},"end":{"line":124,"column":9}},"56":{"start":{"line":125,"column":6},"end":{"line":127,"column":9}},"57":{"start":{"line":128,"column":19},"end":{"line":131,"column":8}},"58":{"start":{"line":132,"column":6},"end":{"line":138,"column":10}},"59":{"start":{"line":143,"column":19},"end":{"line":145,"column":8}},"60":{"start":{"line":147,"column":6},"end":{"line":162,"column":7}},"61":{"start":{"line":148,"column":32},"end":{"line":148,"column":57}},"62":{"start":{"line":149,"column":20},"end":{"line":149,"column":43}},"63":{"start":{"line":151,"column":8},"end":{"line":156,"column":22}},"64":{"start":{"line":152,"column":10},"end":{"line":155,"column":13}},"65":{"start":{"line":156,"column":15},"end":{"line":156,"column":22}},"66":{"start":{"line":158,"column":8},"end":{"line":161,"column":11}},"67":{"start":{"line":167,"column":19},"end":{"line":169,"column":8}},"68":{"start":{"line":171,"column":6},"end":{"line":186,"column":7}},"69":{"start":{"line":172,"column":32},"end":{"line":172,"column":57}},"70":{"start":{"line":173,"column":20},"end":{"line":173,"column":43}},"71":{"start":{"line":175,"column":8},"end":{"line":180,"column":22}},"72":{"start":{"line":176,"column":10},"end":{"line":179,"column":13}},"73":{"start":{"line":180,"column":15},"end":{"line":180,"column":22}},"74":{"start":{"line":182,"column":8},"end":{"line":185,"column":11}},"75":{"start":{"line":190,"column":2},"end":{"line":190,"column":21}},"76":{"start":{"line":193,"column":15},"end":{"line":193,"column":26}},"77":{"start":{"line":194,"column":0},"end":{"line":194,"column":30}}},"fnMap":{"0":{"name":"_interopRequireDefault","decl":{"start":{"line":12,"column":9},"end":{"line":12,"column":31}},"loc":{"start":{"line":12,"column":37},"end":{"line":12,"column":97}},"line":12},"1":{"name":"_classCallCheck","decl":{"start":{"line":14,"column":9},"end":{"line":14,"column":24}},"loc":{"start":{"line":14,"column":48},"end":{"line":14,"column":153}},"line":14},"2":{"name":"_defineProperties","decl":{"start":{"line":16,"column":9},"end":{"line":16,"column":26}},"loc":{"start":{"line":16,"column":42},"end":{"line":16,"column":317}},"line":16},"3":{"name":"_createClass","decl":{"start":{"line":18,"column":9},"end":{"line":18,"column":21}},"loc":{"start":{"line":18,"column":60},"end":{"line":18,"column":215}},"line":18},"4":{"name":"(anonymous_4)","decl":{"start":{"line":22,"column":0},"end":{"line":22,"column":1}},"loc":{"start":{"line":22,"column":12},"end":{"line":191,"column":1}},"line":22},"5":{"name":"Validations","decl":{"start":{"line":23,"column":11},"end":{"line":23,"column":22}},"loc":{"start":{"line":23,"column":25},"end":{"line":25,"column":3}},"line":23},"6":{"name":"userSignup","decl":{"start":{"line":29,"column":20},"end":{"line":29,"column":30}},"loc":{"start":{"line":29,"column":47},"end":{"line":48,"column":5}},"line":29},"7":{"name":"userSignin","decl":{"start":{"line":51,"column":20},"end":{"line":51,"column":30}},"loc":{"start":{"line":51,"column":47},"end":{"line":66,"column":5}},"line":51},"8":{"name":"validateIncident","decl":{"start":{"line":69,"column":20},"end":{"line":69,"column":36}},"loc":{"start":{"line":69,"column":53},"end":{"line":93,"column":5}},"line":69},"9":{"name":"validateFiles","decl":{"start":{"line":96,"column":20},"end":{"line":96,"column":33}},"loc":{"start":{"line":96,"column":36},"end":{"line":139,"column":5}},"line":96},"10":{"name":"destination","decl":{"start":{"line":98,"column":30},"end":{"line":98,"column":41}},"loc":{"start":{"line":98,"column":57},"end":{"line":106,"column":9}},"line":98},"11":{"name":"filename","decl":{"start":{"line":107,"column":27},"end":{"line":107,"column":35}},"loc":{"start":{"line":107,"column":51},"end":{"line":109,"column":9}},"line":107},"12":{"name":"fileFilter","decl":{"start":{"line":112,"column":32},"end":{"line":112,"column":42}},"loc":{"start":{"line":112,"column":57},"end":{"line":120,"column":7}},"line":112},"13":{"name":"validateLocation","decl":{"start":{"line":142,"column":20},"end":{"line":142,"column":36}},"loc":{"start":{"line":142,"column":53},"end":{"line":163,"column":5}},"line":142},"14":{"name":"validateComment","decl":{"start":{"line":166,"column":20},"end":{"line":166,"column":35}},"loc":{"start":{"line":166,"column":52},"end":{"line":187,"column":5}},"line":166}},"branchMap":{"0":{"loc":{"start":{"line":12,"column":46},"end":{"line":12,"column":94}},"type":"cond-expr","locations":[{"start":{"line":12,"column":70},"end":{"line":12,"column":73}},{"start":{"line":12,"column":76},"end":{"line":12,"column":94}}],"line":12},"1":{"loc":{"start":{"line":12,"column":46},"end":{"line":12,"column":67}},"type":"binary-expr","locations":[{"start":{"line":12,"column":46},"end":{"line":12,"column":49}},{"start":{"line":12,"column":53},"end":{"line":12,"column":67}}],"line":12},"2":{"loc":{"start":{"line":14,"column":50},"end":{"line":14,"column":151}},"type":"if","locations":[{"start":{"line":14,"column":50},"end":{"line":14,"column":151}},{"start":{"line":14,"column":50},"end":{"line":14,"column":151}}],"line":14},"3":{"loc":{"start":{"line":16,"column":136},"end":{"line":16,"column":166}},"type":"binary-expr","locations":[{"start":{"line":16,"column":136},"end":{"line":16,"column":157}},{"start":{"line":16,"column":161},"end":{"line":16,"column":166}}],"line":16},"4":{"loc":{"start":{"line":16,"column":200},"end":{"line":16,"column":254}},"type":"if","locations":[{"start":{"line":16,"column":200},"end":{"line":16,"column":254}},{"start":{"line":16,"column":200},"end":{"line":16,"column":254}}],"line":16},"5":{"loc":{"start":{"line":18,"column":62},"end":{"line":18,"column":131}},"type":"if","locations":[{"start":{"line":18,"column":62},"end":{"line":18,"column":131}},{"start":{"line":18,"column":62},"end":{"line":18,"column":131}}],"line":18},"6":{"loc":{"start":{"line":18,"column":132},"end":{"line":18,"column":193}},"type":"if","locations":[{"start":{"line":18,"column":132},"end":{"line":18,"column":193}},{"start":{"line":18,"column":132},"end":{"line":18,"column":193}}],"line":18},"7":{"loc":{"start":{"line":42,"column":6},"end":{"line":47,"column":20}},"type":"if","locations":[{"start":{"line":42,"column":6},"end":{"line":47,"column":20}},{"start":{"line":42,"column":6},"end":{"line":47,"column":20}}],"line":42},"8":{"loc":{"start":{"line":60,"column":6},"end":{"line":65,"column":20}},"type":"if","locations":[{"start":{"line":60,"column":6},"end":{"line":65,"column":20}},{"start":{"line":60,"column":6},"end":{"line":65,"column":20}}],"line":60},"9":{"loc":{"start":{"line":81,"column":8},"end":{"line":86,"column":22}},"type":"if","locations":[{"start":{"line":81,"column":8},"end":{"line":86,"column":22}},{"start":{"line":81,"column":8},"end":{"line":86,"column":22}}],"line":81},"10":{"loc":{"start":{"line":99,"column":10},"end":{"line":101,"column":11}},"type":"if","locations":[{"start":{"line":99,"column":10},"end":{"line":101,"column":11}},{"start":{"line":99,"column":10},"end":{"line":101,"column":11}}],"line":99},"11":{"loc":{"start":{"line":103,"column":10},"end":{"line":105,"column":11}},"type":"if","locations":[{"start":{"line":103,"column":10},"end":{"line":105,"column":11}},{"start":{"line":103,"column":10},"end":{"line":105,"column":11}}],"line":103},"12":{"loc":{"start":{"line":113,"column":8},"end":{"line":119,"column":9}},"type":"if","locations":[{"start":{"line":113,"column":8},"end":{"line":119,"column":9}},{"start":{"line":113,"column":8},"end":{"line":119,"column":9}}],"line":113},"13":{"loc":{"start":{"line":113,"column":12},"end":{"line":113,"column":141}},"type":"binary-expr","locations":[{"start":{"line":113,"column":12},"end":{"line":113,"column":42}},{"start":{"line":113,"column":46},"end":{"line":113,"column":75}},{"start":{"line":113,"column":79},"end":{"line":113,"column":108}},{"start":{"line":113,"column":112},"end":{"line":113,"column":141}}],"line":113},"14":{"loc":{"start":{"line":115,"column":15},"end":{"line":119,"column":9}},"type":"if","locations":[{"start":{"line":115,"column":15},"end":{"line":119,"column":9}},{"start":{"line":115,"column":15},"end":{"line":119,"column":9}}],"line":115},"15":{"loc":{"start":{"line":151,"column":8},"end":{"line":156,"column":22}},"type":"if","locations":[{"start":{"line":151,"column":8},"end":{"line":156,"column":22}},{"start":{"line":151,"column":8},"end":{"line":156,"column":22}}],"line":151},"16":{"loc":{"start":{"line":175,"column":8},"end":{"line":180,"column":22}},"type":"if","locations":[{"start":{"line":175,"column":8},"end":{"line":180,"column":22}},{"start":{"line":175,"column":8},"end":{"line":180,"column":22}}],"line":175}},"s":{"0":1,"1":1,"2":1,"3":1,"4":2,"5":0,"6":0,"7":1,"8":1,"9":6,"10":6,"11":6,"12":6,"13":6,"14":6,"15":1,"16":0,"17":1,"18":1,"19":1,"20":1,"21":0,"22":1,"23":4,"24":4,"25":4,"26":4,"27":1,"28":3,"29":3,"30":3,"31":3,"32":3,"33":1,"34":2,"35":11,"36":11,"37":11,"38":11,"39":11,"40":1,"41":10,"42":0,"43":1,"44":28,"45":14,"46":28,"47":14,"48":28,"49":1,"50":28,"51":14,"52":14,"53":14,"54":0,"55":1,"56":1,"57":1,"58":1,"59":7,"60":7,"61":7,"62":7,"63":7,"64":4,"65":3,"66":0,"67":7,"68":7,"69":7,"70":7,"71":7,"72":4,"73":3,"74":0,"75":1,"76":1,"77":1},"f":{"0":2,"1":0,"2":1,"3":1,"4":1,"5":0,"6":4,"7":3,"8":11,"9":1,"10":28,"11":28,"12":28,"13":7,"14":7},"b":{"0":[0,2],"1":[2,2],"2":[0,0],"3":[6,6],"4":[6,0],"5":[0,1],"6":[1,0],"7":[1,3],"8":[1,2],"9":[1,10],"10":[14,14],"11":[14,14],"12":[14,14],"13":[28,28,28,14],"14":[14,0],"15":[4,3],"16":[4,3]},"_coverageSchema":"43e27e138ebf9cfc5966b082cf9a028302ed4184","hash":"d9f57aafc1ccec6bdb692300ee832f3bbb0e4a3d","contentHash":"3a56696c232ef9044a75bb532a85f989fadc94086274d5526204376a20e72867"},"/home/shyaka/Desktop/BootCamp/Broadcaster/server/routes/Incident.js":{"path":"/home/shyaka/Desktop/BootCamp/Broadcaster/server/routes/Incident.js","statementMap":{"0":{"start":{"line":3,"column":0},"end":{"line":5,"column":3}},"1":{"start":{"line":6,"column":0},"end":{"line":6,"column":28}},"2":{"start":{"line":8,"column":15},"end":{"line":8,"column":57}},"3":{"start":{"line":10,"column":26},"end":{"line":10,"column":94}},"4":{"start":{"line":12,"column":19},"end":{"line":12,"column":79}},"5":{"start":{"line":14,"column":19},"end":{"line":14,"column":79}},"6":{"start":{"line":16,"column":39},"end":{"line":16,"column":95}},"7":{"start":{"line":18,"column":13},"end":{"line":18,"column":41}},"8":{"start":{"line":20,"column":0},"end":{"line":20,"column":179}},"9":{"start":{"line":21,"column":0},"end":{"line":21,"column":93}},"10":{"start":{"line":22,"column":0},"end":{"line":22,"column":103}},"11":{"start":{"line":23,"column":0},"end":{"line":23,"column":165}},"12":{"start":{"line":24,"column":0},"end":{"line":24,"column":162}},"13":{"start":{"line":25,"column":0},"end":{"line":25,"column":110}},"14":{"start":{"line":26,"column":15},"end":{"line":26,"column":21}},"15":{"start":{"line":27,"column":0},"end":{"line":27,"column":30}}},"fnMap":{"0":{"name":"_interopRequireDefault","decl":{"start":{"line":16,"column":9},"end":{"line":16,"column":31}},"loc":{"start":{"line":16,"column":37},"end":{"line":16,"column":97}},"line":16}},"branchMap":{"0":{"loc":{"start":{"line":16,"column":46},"end":{"line":16,"column":94}},"type":"cond-expr","locations":[{"start":{"line":16,"column":70},"end":{"line":16,"column":73}},{"start":{"line":16,"column":76},"end":{"line":16,"column":94}}],"line":16},"1":{"loc":{"start":{"line":16,"column":46},"end":{"line":16,"column":67}},"type":"binary-expr","locations":[{"start":{"line":16,"column":46},"end":{"line":16,"column":49}},{"start":{"line":16,"column":53},"end":{"line":16,"column":67}}],"line":16}},"s":{"0":1,"1":1,"2":1,"3":1,"4":1,"5":1,"6":4,"7":1,"8":1,"9":1,"10":1,"11":1,"12":1,"13":1,"14":1,"15":1},"f":{"0":4},"b":{"0":[3,1],"1":[4,4]},"_coverageSchema":"43e27e138ebf9cfc5966b082cf9a028302ed4184","hash":"ff008e396ee434bc05d1b2705af1636d3d84c9ad","contentHash":"fdb192286d3652c3717b7136ee71928d1764666ec7d89c417174757a34b53a2b"},"/home/shyaka/Desktop/BootCamp/Broadcaster/server/controllers/IncidentController.js":{"path":"/home/shyaka/Desktop/BootCamp/Broadcaster/server/controllers/IncidentController.js","statementMap":{"0":{"start":{"line":3,"column":0},"end":{"line":5,"column":3}},"1":{"start":{"line":6,"column":0},"end":{"line":6,"column":28}},"2":{"start":{"line":8,"column":16},"end":{"line":8,"column":69}},"3":{"start":{"line":10,"column":17},"end":{"line":10,"column":72}},"4":{"start":{"line":12,"column":39},"end":{"line":12,"column":95}},"5":{"start":{"line":14,"column":50},"end":{"line":14,"column":151}},"6":{"start":{"line":14,"column":92},"end":{"line":14,"column":149}},"7":{"start":{"line":16,"column":44},"end":{"line":16,"column":315}},"8":{"start":{"line":16,"column":57},"end":{"line":16,"column":58}},"9":{"start":{"line":16,"column":102},"end":{"line":16,"column":110}},"10":{"start":{"line":16,"column":112},"end":{"line":16,"column":167}},"11":{"start":{"line":16,"column":168},"end":{"line":16,"column":199}},"12":{"start":{"line":16,"column":200},"end":{"line":16,"column":254}},"13":{"start":{"line":16,"column":227},"end":{"line":16,"column":254}},"14":{"start":{"line":16,"column":255},"end":{"line":16,"column":313}},"15":{"start":{"line":18,"column":62},"end":{"line":18,"column":131}},"16":{"start":{"line":18,"column":78},"end":{"line":18,"column":131}},"17":{"start":{"line":18,"column":132},"end":{"line":18,"column":193}},"18":{"start":{"line":18,"column":149},"end":{"line":18,"column":193}},"19":{"start":{"line":18,"column":194},"end":{"line":18,"column":213}},"20":{"start":{"line":20,"column":17},"end":{"line":20,"column":43}},"21":{"start":{"line":24,"column":0},"end":{"line":209,"column":3}},"22":{"start":{"line":26,"column":4},"end":{"line":26,"column":46}},"23":{"start":{"line":29,"column":2},"end":{"line":206,"column":6}},"24":{"start":{"line":32,"column":22},"end":{"line":32,"column":30}},"25":{"start":{"line":33,"column":18},"end":{"line":33,"column":33}},"26":{"start":{"line":34,"column":17},"end":{"line":34,"column":31}},"27":{"start":{"line":35,"column":20},"end":{"line":35,"column":37}},"28":{"start":{"line":36,"column":21},"end":{"line":36,"column":39}},"29":{"start":{"line":37,"column":19},"end":{"line":37,"column":35}},"30":{"start":{"line":38,"column":19},"end":{"line":38,"column":35}},"31":{"start":{"line":39,"column":19},"end":{"line":39,"column":35}},"32":{"start":{"line":40,"column":6},"end":{"line":40,"column":57}},"33":{"start":{"line":41,"column":6},"end":{"line":41,"column":57}},"34":{"start":{"line":42,"column":22},"end":{"line":42,"column":67}},"35":{"start":{"line":43,"column":6},"end":{"line":46,"column":9}},"36":{"start":{"line":43,"column":21},"end":{"line":46,"column":9}},"37":{"start":{"line":47,"column":20},"end":{"line":47,"column":116}},"38":{"start":{"line":49,"column":6},"end":{"line":54,"column":7}},"39":{"start":{"line":50,"column":8},"end":{"line":53,"column":11}},"40":{"start":{"line":56,"column":6},"end":{"line":62,"column":9}},"41":{"start":{"line":67,"column":6},"end":{"line":87,"column":7}},"42":{"start":{"line":68,"column":21},"end":{"line":68,"column":36}},"43":{"start":{"line":69,"column":23},"end":{"line":69,"column":53}},"44":{"start":{"line":71,"column":8},"end":{"line":76,"column":9}},"45":{"start":{"line":72,"column":10},"end":{"line":75,"column":13}},"46":{"start":{"line":78,"column":8},"end":{"line":81,"column":11}},"47":{"start":{"line":83,"column":8},"end":{"line":86,"column":11}},"48":{"start":{"line":92,"column":6},"end":{"line":113,"column":7}},"49":{"start":{"line":93,"column":21},"end":{"line":93,"column":36}},"50":{"start":{"line":94,"column":24},"end":{"line":94,"column":44}},"51":{"start":{"line":95,"column":23},"end":{"line":95,"column":68}},"52":{"start":{"line":97,"column":8},"end":{"line":102,"column":9}},"53":{"start":{"line":98,"column":10},"end":{"line":101,"column":13}},"54":{"start":{"line":104,"column":8},"end":{"line":107,"column":11}},"55":{"start":{"line":109,"column":8},"end":{"line":112,"column":11}},"56":{"start":{"line":118,"column":6},"end":{"line":144,"column":7}},"57":{"start":{"line":119,"column":24},"end":{"line":119,"column":44}},"58":{"start":{"line":120,"column":25},"end":{"line":120,"column":33}},"59":{"start":{"line":121,"column":23},"end":{"line":121,"column":42}},"60":{"start":{"line":122,"column":21},"end":{"line":122,"column":38}},"61":{"start":{"line":123,"column":29},"end":{"line":123,"column":88}},"62":{"start":{"line":125,"column":8},"end":{"line":133,"column":9}},"63":{"start":{"line":126,"column":10},"end":{"line":132,"column":13}},"64":{"start":{"line":135,"column":8},"end":{"line":138,"column":11}},"65":{"start":{"line":140,"column":8},"end":{"line":143,"column":11}},"66":{"start":{"line":149,"column":6},"end":{"line":175,"column":7}},"67":{"start":{"line":150,"column":24},"end":{"line":150,"column":44}},"68":{"start":{"line":151,"column":25},"end":{"line":151,"column":33}},"69":{"start":{"line":152,"column":22},"end":{"line":152,"column":40}},"70":{"start":{"line":153,"column":21},"end":{"line":153,"column":38}},"71":{"start":{"line":154,"column":28},"end":{"line":154,"column":85}},"72":{"start":{"line":156,"column":8},"end":{"line":164,"column":9}},"73":{"start":{"line":157,"column":10},"end":{"line":163,"column":13}},"74":{"start":{"line":166,"column":8},"end":{"line":169,"column":11}},"75":{"start":{"line":171,"column":8},"end":{"line":174,"column":11}},"76":{"start":{"line":180,"column":6},"end":{"line":204,"column":7}},"77":{"start":{"line":181,"column":24},"end":{"line":181,"column":44}},"78":{"start":{"line":182,"column":21},"end":{"line":182,"column":36}},"79":{"start":{"line":183,"column":30},"end":{"line":183,"column":73}},"80":{"start":{"line":185,"column":8},"end":{"line":193,"column":9}},"81":{"start":{"line":186,"column":10},"end":{"line":192,"column":13}},"82":{"start":{"line":195,"column":8},"end":{"line":198,"column":11}},"83":{"start":{"line":200,"column":8},"end":{"line":203,"column":11}},"84":{"start":{"line":208,"column":2},"end":{"line":208,"column":28}},"85":{"start":{"line":211,"column":15},"end":{"line":211,"column":33}},"86":{"start":{"line":212,"column":0},"end":{"line":212,"column":30}}},"fnMap":{"0":{"name":"_interopRequireDefault","decl":{"start":{"line":12,"column":9},"end":{"line":12,"column":31}},"loc":{"start":{"line":12,"column":37},"end":{"line":12,"column":97}},"line":12},"1":{"name":"_classCallCheck","decl":{"start":{"line":14,"column":9},"end":{"line":14,"column":24}},"loc":{"start":{"line":14,"column":48},"end":{"line":14,"column":153}},"line":14},"2":{"name":"_defineProperties","decl":{"start":{"line":16,"column":9},"end":{"line":16,"column":26}},"loc":{"start":{"line":16,"column":42},"end":{"line":16,"column":317}},"line":16},"3":{"name":"_createClass","decl":{"start":{"line":18,"column":9},"end":{"line":18,"column":21}},"loc":{"start":{"line":18,"column":60},"end":{"line":18,"column":215}},"line":18},"4":{"name":"(anonymous_4)","decl":{"start":{"line":24,"column":0},"end":{"line":24,"column":1}},"loc":{"start":{"line":24,"column":12},"end":{"line":209,"column":1}},"line":24},"5":{"name":"IncidentController","decl":{"start":{"line":25,"column":11},"end":{"line":25,"column":29}},"loc":{"start":{"line":25,"column":32},"end":{"line":27,"column":3}},"line":25},"6":{"name":"createIncident","decl":{"start":{"line":31,"column":20},"end":{"line":31,"column":34}},"loc":{"start":{"line":31,"column":45},"end":{"line":63,"column":5}},"line":31},"7":{"name":"viewRedFlags","decl":{"start":{"line":66,"column":20},"end":{"line":66,"column":32}},"loc":{"start":{"line":66,"column":43},"end":{"line":88,"column":5}},"line":66},"8":{"name":"viewaRedFlag","decl":{"start":{"line":91,"column":20},"end":{"line":91,"column":32}},"loc":{"start":{"line":91,"column":43},"end":{"line":114,"column":5}},"line":91},"9":{"name":"updateRedFlagLocation","decl":{"start":{"line":117,"column":20},"end":{"line":117,"column":41}},"loc":{"start":{"line":117,"column":52},"end":{"line":145,"column":5}},"line":117},"10":{"name":"updateRedFlagComment","decl":{"start":{"line":148,"column":20},"end":{"line":148,"column":40}},"loc":{"start":{"line":148,"column":51},"end":{"line":176,"column":5}},"line":148},"11":{"name":"removeRedFlag","decl":{"start":{"line":179,"column":20},"end":{"line":179,"column":33}},"loc":{"start":{"line":179,"column":44},"end":{"line":205,"column":5}},"line":179}},"branchMap":{"0":{"loc":{"start":{"line":12,"column":46},"end":{"line":12,"column":94}},"type":"cond-expr","locations":[{"start":
[...]
75,"column":6},"end":{"line":75,"column":127}},"52":{"start":{"line":76,"column":6},"end":{"line":76,"column":20}},"53":{"start":{"line":79,"column":2},"end":{"line":90,"column":5}},"54":{"start":{"line":80,"column":4},"end":{"line":89,"column":7}},"55":{"start":{"line":84,"column":6},"end":{"line":84,"column":32}},"56":{"start":{"line":84,"column":15},"end":{"line":84,"column":32}},"57":{"start":{"line":85,"column":6},"end":{"line":85,"column":42}},"58":{"start":{"line":86,"column":6},"end":{"line":86,"column":82}},"59":{"start":{"line":87,"column":6},"end":{"line":87,"column":102}},"60":{"start":{"line":88,"column":6},"end":{"line":88,"column":20}},"61":{"start":{"line":91,"column":2},"end":{"line":99,"column":5}},"62":{"start":{"line":92,"column":4},"end":{"line":98,"column":7}},"63":{"start":{"line":93,"column":6},"end":{"line":93,"column":32}},"64":{"start":{"line":93,"column":15},"end":{"line":93,"column":32}},"65":{"start":{"line":94,"column":6},"end":{"line":94,"column":42}},"66":{"start":{"line":95,"column":6},"end":{"line":95,"column":82}},"67":{"start":{"line":96,"column":6},"end":{"line":96,"column":101}},"68":{"start":{"line":97,"column":6},"end":{"line":97,"column":20}},"69":{"start":{"line":100,"column":2},"end":{"line":110,"column":5}},"70":{"start":{"line":101,"column":4},"end":{"line":109,"column":7}},"71":{"start":{"line":104,"column":6},"end":{"line":104,"column":32}},"72":{"start":{"line":104,"column":15},"end":{"line":104,"column":32}},"73":{"start":{"line":105,"column":6},"end":{"line":105,"column":42}},"74":{"start":{"line":106,"column":6},"end":{"line":106,"column":82}},"75":{"start":{"line":107,"column":6},"end":{"line":107,"column":126}},"76":{"start":{"line":108,"column":6},"end":{"line":108,"column":20}}},"fnMap":{"0":{"name":"_interopRequireDefault","decl":{"start":{"line":15,"column":9},"end":{"line":15,"column":31}},"loc":{"start":{"line":15,"column":37},"end":{"line":15,"column":97}},"line":15},"1":{"name":"(anonymous_1)","decl":{"start":{"line":33,"column":62},"end":{"line":33,"column":63}},"loc":{"start":{"line":33,"column":74},"end":{"line":111,"column":1}},"line":33},"2":{"name":"(anonymous_2)","decl":{"start":{"line":34,"column":9},"end":{"line":34,"column":10}},"loc":{"start":{"line":34,"column":25},"end":{"line":38,"column":3}},"line":34},"3":{"name":"(anonymous_3)","decl":{"start":{"line":35,"column":430},"end":{"line":35,"column":431}},"loc":{"start":{"line":35,"column":442},"end":{"line":37,"column":5}},"line":35},"4":{"name":"(anonymous_4)","decl":{"start":{"line":39,"column":75},"end":{"line":39,"column":76}},"loc":{"start":{"line":39,"column":91},"end":{"line":47,"column":3}},"line":39},"5":{"name":"(anonymous_5)","decl":{"start":{"line":40,"column":100},"end":{"line":40,"column":101}},"loc":{"start":{"line":40,"column":120},"end":{"line":46,"column":5}},"line":40},"6":{"name":"(anonymous_6)","decl":{"start":{"line":48,"column":74},"end":{"line":48,"column":75}},"loc":{"start":{"line":48,"column":90},"end":{"line":56,"column":3}},"line":48},"7":{"name":"(anonymous_7)","decl":{"start":{"line":49,"column":125},"end":{"line":49,"column":126}},"loc":{"start":{"line":49,"column":145},"end":{"line":55,"column":5}},"line":49},"8":{"name":"(anonymous_8)","decl":{"start":{"line":57,"column":74},"end":{"line":57,"column":75}},"loc":{"start":{"line":57,"column":90},"end":{"line":67,"column":3}},"line":57},"9":{"name":"(anonymous_9)","decl":{"start":{"line":60,"column":11},"end":{"line":60,"column":12}},"loc":{"start":{"line":60,"column":31},"end":{"line":66,"column":5}},"line":60},"10":{"name":"(anonymous_10)","decl":{"start":{"line":68,"column":83},"end":{"line":68,"column":84}},"loc":{"start":{"line":68,"column":99},"end":{"line":78,"column":3}},"line":68},"11":{"name":"(anonymous_11)","decl":{"start":{"line":71,"column":11},"end":{"line":71,"column":12}},"loc":{"start":{"line":71,"column":31},"end":{"line":77,"column":5}},"line":71},"12":{"name":"(anonymous_12)","decl":{"start":{"line":79,"column":75},"end":{"line":79,"column":76}},"loc":{"start":{"line":79,"column":91},"end":{"line":90,"column":3}},"line":79},"13":{"name":"(anonymous_13)","decl":{"start":{"line":83,"column":11},"end":{"line":83,"column":12}},"loc":{"start":{"line":83,"column":31},"end":{"line":89,"column":5}},"line":83},"14":{"name":"(anonymous_14)","decl":{"start":{"line":91,"column":58},"end":{"line":91,"column":59}},"loc":{"start":{"line":91,"column":74},"end":{"line":99,"column":3}},"line":91},"15":{"name":"(anonymous_15)","decl":{"start":{"line":92,"column":125},"end":{"line":92,"column":126}},"loc":{"start":{"line":92,"column":145},"end":{"line":98,"column":5}},"line":92},"16":{"name":"(anonymous_16)","decl":{"start":{"line":100,"column":65},"end":{"line":100,"column":66}},"loc":{"start":{"line":100,"column":81},"end":{"line":110,"column":3}},"line":100},"17":{"name":"(anonymous_17)","decl":{"start":{"line":103,"column":11},"end":{"line":103,"column":12}},"loc":{"start":{"line":103,"column":31},"end":{"line":109,"column":5}},"line":103}},"branchMap":{"0":{"loc":{"start":{"line":15,"column":46},"end":{"line":15,"column":94}},"type":"cond-expr","locations":[{"start":{"line":15,"column":70},"end":{"line":15,"column":73}},{"start":{"line":15,"column":76},"end":{"line":15,"column":94}}],"line":15},"1":{"loc":{"start":{"line":15,"column":46},"end":{"line":15,"column":67}},"type":"binary-expr","locations":[{"start":{"line":15,"column":46},"end":{"line":15,"column":49}},{"start":{"line":15,"column":53},"end":{"line":15,"column":67}}],"line":15},"2":{"loc":{"start":{"line":41,"column":6},"end":{"line":41,"column":32}},"type":"if","locations":[{"start":{"line":41,"column":6},"end":{"line":41,"column":32}},{"start":{"line":41,"column":6},"end":{"line":41,"column":32}}],"line":41},"3":{"loc":{"start":{"line":50,"column":6},"end":{"line":50,"column":32}},"type":"if","locations":[{"start":{"line":50,"column":6},"end":{"line":50,"column":32}},{"start":{"line":50,"column":6},"end":{"line":50,"column":32}}],"line":50},"4":{"loc":{"start":{"line":61,"column":6},"end":{"line":61,"column":32}},"type":"if","locations":[{"start":{"line":61,"column":6},"end":{"line":61,"column":32}},{"start":{"line":61,"column":6},"end":{"line":61,"column":32}}],"line":61},"5":{"loc":{"start":{"line":72,"column":6},"end":{"line":72,"column":32}},"type":"if","locations":[{"start":{"line":72,"column":6},"end":{"line":72,"column":32}},{"start":{"line":72,"column":6},"end":{"line":72,"column":32}}],"line":72},"6":{"loc":{"start":{"line":84,"column":6},"end":{"line":84,"column":32}},"type":"if","locations":[{"start":{"line":84,"column":6},"end":{"line":84,"column":32}},{"start":{"line":84,"column":6},"end":{"line":84,"column":32}}],"line":84},"7":{"loc":{"start":{"line":93,"column":6},"end":{"line":93,"column":32}},"type":"if","locations":[{"start":{"line":93,"column":6},"end":{"line":93,"column":32}},{"start":{"line":93,"column":6},"end":{"line":93,"column":32}}],"line":93},"8":{"loc":{"start":{"line":104,"column":6},"end":{"line":104,"column":32}},"type":"if","locations":[{"start":{"line":104,"column":6},"end":{"line":104,"column":32}},{"start":{"line":104,"column":6},"end":{"line":104,"column":32}}],"line":104}},"s":{"0":1,"1":1,"2":1,"3":1,"4":1,"5":1,"6":6,"7":1,"8":1,"9":1,"10":1,"11":1,"12":1,"13":1,"14":1,"15":1,"16":1,"17":1,"18":1,"19":1,"20":1,"21":1,"22":1,"23":1,"24":0,"25":1,"26":1,"27":1,"28":1,"29":1,"30":1,"31":1,"32":0,"33":1,"34":1,"35":1,"36":1,"37":1,"38":1,"39":1,"40":0,"41":1,"42":1,"43":1,"44":1,"45":1,"46":1,"47":1,"48":0,"49":1,"50":1,"51":1,"52":1,"53":1,"54":1,"55":1,"56":0,"57":1,"58":1,"59":1,"60":1,"61":1,"62":1,"63":1,"64":0,"65":1,"66":1,"67":1,"68":1,"69":1,"70":1,"71":1,"72":0,"73":1,"74":1,"75":1,"76":1},"f":{"0":6,"1":1,"2":1,"3":1,"4":1,"5":1,"6":1,"7":1,"8":1,"9":1,"10":1,"11":1,"12":1,"13":1,"14":1,"15":1,"16":1,"17":1},"b":{"0":[3,3],"1":[6,6],"2":[0,1],"3":[0,1],"4":[0,1],"5":[0,1],"6":[0,1],"7":[0,1],"8":[0,1]},"_coverageSchema":"43e27e138ebf9cfc5966b082cf9a028302ed4184","hash":"14fe1efb05cb3b74c40963364bfb9f0f86ad6bf3","contentHash":"03015bd7dbef57b88953d2bf5e0f58d2e7183a54ae5c58ec2f6f599d1f624100"},"/home/shyaka/Desktop/BootCamp/Broadcaster/server/tests/update-locationTest.js":{"path":"/home/shyaka/Desktop/BootCamp/Broadcaster/server/tests/update-locationTest.js","statementMap":{"0":{"start":{"line":3,"column":12},"end":{"line":3,"column":51}},"1":{"start":{"line":5,"column":16},"end":{"line":5,"column":60}},"2":{"start":{"line":7,"column":10},"end":{"line":7,"column":47}},"3":{"start":{"line":9,"column":20},"end":{"line":9,"column":79}},"4":{"start":{"line":11,"column":24},"end":{"line":11,"column":87}},"5":{"start":{"line":13,"column":11},"end":{"line":13,"column":52}},"6":{"start":{"line":15,"column":39},"end":{"line":15,"column":95}},"7":{"start":{"line":17,"column":0},"end":{"line":17,"column":43}},"8":{"start":{"line":19,"column":13},"end":{"line":19,"column":36}},"9":{"start":{"line":21,"column":28},"end":{"line":21,"column":67}},"10":{"start":{"line":22,"column":17},"end":{"line":22,"column":49}},"11":{"start":{"line":23,"column":18},"end":{"line":23,"column":51}},"12":{"start":{"line":25,"column":15},"end":{"line":25,"column":57}},"13":{"start":{"line":27,"column":19},"end":{"line":27,"column":66}},"14":{"start":{"line":29,"column":28},"end":{"line":29,"column":70}},"15":{"start":{"line":30,"column":15},"end":{"line":30,"column":45}},"16":{"start":{"line":31,"column":12},"end":{"line":31,"column":39}},"17":{"start":{"line":33,"column":0},"end":{"line":111,"column":3}},"18":{"start":{"line":34,"column":2},"end":{"line":38,"column":5}},"19":{"start":{"line":35,"column":4},"end":{"line":37,"column":7}},"20":{"start":{"line":36,"column":6},"end":{"line":36,"column":13}},"21":{"start":{"line":39,"column":2},"end":{"line":47,"column":5}},"22":{"start":{"line":40,"column":4},"end":{"line":46,"column":7}},"23":{"start":{"line":41,"column":6},"end":{"line":41,"column":32}},"24":{"start":{"line":41,"column":15},"end":{"line":41,"column":32}},"25":{"start":{"line":42,"column":6},"end":{"line":42,"column":42}},"26":{"start":{"line":43,"column":6},"end":{"line":43,"column":82}},"27":{"start":{"line":44,"column":6},"end":{"line":44,"column":102}},"28":{"start":{"line":45,"column":6},"end":{"line":45,"column":20}},"29":{"start":{"line":48,"column":2},"end":{"line":56,"column":5}},"30":{"start":{"line":49,"column":4},"end":{"line":55,"column":7}},"31":{"start":{"line":50,"column":6},"end":{"line":50,"column":32}},"32":{"start":{"line":50,"column":15},"end":{"line":50,"column":32}},"33":{"start":{"line":51,"column":6},"end":{"line":51,"column":42}},"34":{"start":{"line":52,"column":6},"end":{"line":52,"column":82}},"35":{"start":{"line":53,"column":6},"end":{"line":53,"column":117}},"36":{"start":{"line":54,"column":6},"end":{"line":54,"column":20}},"37":{"start":{"line":57,"column":2},"end":{"line":67,"column":5}},"38":{"start":{"line":58,"column":4},"end":{"line":66,"column":7}},"39":{"start":{"line":61,"column":6},"end":{"line":61,"column":32}},"40":{"start":{"line":61,"column":15},"end":{"line":61,"column":32}},"41":{"start":{"line":62,"column":6},"end":{"line":62,"column":42}},"42":{"start":{"line":63,"column":6},"end":{"line":63,"column":82}},"43":{"start":{"line":64,"column":6},"end":{"line":64,"column":106}},"44":{"start":{"line":65,"column":6},"end":{"line":65,"column":20}},"45":{"start":{"line":68,"column":2},"end":{"line":78,"column":5}},"46":{"start":{"line":69,"column":4},"end":{"line":77,"column":7}},"47":{"start":{"line":72,"column":6},"end":{"line":72,"column":32}},"48":{"start":{"line":72,"column":15},"end":{"line":72,"column":32}},"49":{"start":{"line":73,"column":6},"end":{"line":73,"column":42}},"50":{"start":{"line":74,"column":6},"end":{"line":74,"column":82}},"51":{"start":{"line":75,"column":6},"end":{"line":75,"column":128}},"52":{"start":{"line":76,"column":6},"end":{"line":76,"column":20}},"53":{"start":{"line":79,"column":2},"end":{"line":90,"column":5}},"54":{"start":{"line":80,"column":4},"end":{"line":89,"column":7}},"55":{"start":{"line":84,"column":6},"end":{"line":84,"column":32}},"56":{"start":{"line":84,"column":15},"end":{"line":84,"column":32}},"57":{"start":{"line":85,"column":6},"end":{"line":85,"column":42}},"58":{"start":{"line":86,"column":6},"end":{"line":86,"column":82}},"59":{"start":{"line":87,"column":6},"end":{"line":87,"column":102}},"60":{"start":{"line":88,"column":6},"end":{"line":88,"column":20}},"61":{"start":{"line":91,"column":2},"end":{"line":99,"column":5}},"62":{"start":{"line":92,"column":4},"end":{"line":98,"column":7}},"63":{"start":{"line":93,"column":6},"end":{"line":93,"column":32}},"64":{"start":{"line":93,"column":15},"end":{"line":93,"column":32}},"65":{"start":{"line":94,"column":6},"end":{"line":94,"column":42}},"66":{"start":{"line":95,"column":6},"end":{"line":95,"column":82}},"67":{"start":{"line":96,"column":6},"end":{"line":96,"column":102}},"68":{"start":{"line":97,"column":6},"end":{"line":97,"column":20}},"69":{"start":{"line":100,"column":2},"end":{"line":110,"column":5}},"70":{"start":{"line":101,"column":4},"end":{"line":109,"column":7}},"71":{"start":{"line":104,"column":6},"end":{"line":104,"column":32}},"72":{"start":{"line":104,"column":15},"end":{"line":104,"column":32}},"73":{"start":{"line":105,"column":6},"end":{"line":105,"column":42}},"74":{"start":{"line":106,"column":6},"end":{"line":106,"column":82}},"75":{"start":{"line":107,"column":6},"end":{"line":107,"column":126}},"76":{"start":{"line":108,"column":6},"end":{"line":108,"column":20}}},"fnMap":{"0":{"name":"_interopRequireDefault","decl":{"start":{"line":15,"column":9},"end":{"line":15,"column":31}},"loc":{"start":{"line":15,"column":37},"end":{"line":15,"column":97}},"line":15},"1":{"name":"(anonymous_1)","decl":{"start":{"line":33,"column":63},"end":{"line":33,"column":64}},"loc":{"start":{"line":33,"column":75},"end":{"line":111,"column":1}},"line":33},"2":{"name":"(anonymous_2)","decl":{"start":{"line":34,"column":9},"end":{"line":34,"column":10}},"loc":{"start":{"line":34,"column":25},"end":{"line":38,"column":3}},"line":34},"3":{"name":"(anonymous_3)","decl":{"start":{"line":35,"column":430},"end":{"line":35,"column":431}},"loc":{"start":{"line":35,"column":442},"end":{"line":37,"column":5}},"line":35},"4":{"name":"(anonymous_4)","decl":{"start":{"line":39,"column":75},"end":{"line":39,"column":76}},"loc":{"start":{"line":39,"column":91},"end":{"line":47,"column":3}},"line":39},"5":{"name":"(anonymous_5)","decl":{"start":{"line":40,"column":101},"end":{"line":40,"column":102}},"loc":{"start":{"line":40,"column":121},"end":{"line":46,"column":5}},"line":40},"6":{"name":"(anonymous_6)","decl":{"start":{"line":48,"column":75},"end":{"line":48,"column":76}},"loc":{"start":{"line":48,"column":91},"end":{"line":56,"column":3}},"line":48},"7":{"name":"(anonymous_7)","decl":{"start":{"line":49,"column":128},"end":{"line":49,"column":129}},"loc":{"start":{"line":49,"column":148},"end":{"line":55,"column":5}},"line":49},"8":{"name":"(anonymous_8)","decl":{"start":{"line":57,"column":75},"end":{"line":57,"column":76}},"loc":{"start":{"line":57,"column":91},"end":{"line":67,"column":3}},"line":57},"9":{"name":"(anonymous_9)","decl":{"start":{"line":60,"column":11},"end":{"line":60,"column":12}},"loc":{"start":{"line":60,"column":31},"end":{"line":66,"column":5}},"line":60},"10":{"name":"(anonymous_10)","decl":{"start":{"line":68,"column":84},"end":{"line":68,"column":85}},"loc":{"start":{"line":68,"column":100},"end":{"line":78,"column":3}},"line":68},"11":{"name":"(anonymous_11)","decl":{"start":{"line":71,"column":11},"end":{"line":71,"column":12}},"loc":{"start":{"line":71,"column":31},"end":{"line":77,"column":5}},"line":71},"12":{"name":"(anonymous_12)","decl":{"start":{"line":79,"column":75},"end":{"line":79,"column":76}},"loc":{"start":{"line":79,"column":91},"end":{"line":90,"column":3}},"line":79},"13":{"name":"(anonymous_13)","decl":{"start":{"line":83,"column":11},"end":{"line":83,"column":12}},"loc":{"start":{"line":83,"column":31},"end":{"line":89,"column":5}},"line":83},"14":{"name":"(anonymous_14)","decl":{"start":{"line":91,"column":58},"end":{"line":91,"column":59}},"loc":{"start":{"line":91,"column":74},"end":{"line":99,"column":3}},"line":91},"15":{"name":"(anonymous_15)","decl":{"start":{"line":92,"column":126},"end":{"line":92,"column":127}},"loc":{"start":{"line":92,"column":146},"end":{"line":98,"column":5}},"line":92},"16":{"name":"(anonymous_16)","decl":{"start":{"line":100,"column":65},"end":{"line":100,"column":66}},"loc":{"start":{"line":100,"column":81},"end":{"line":110,"column":3}},"line":100},"17":{"name":"(anonymous_17)","decl":{"start":{"line":103,"column":11},"end":{"line":103,"column":12}},"loc":{"start":{"line":103,"column":31},"end":{"line":109,"column":5}},"line":103}},"branchMap":{"0":{"loc":{"start":{"line":15,"column":46},"end":{"line":15,"column":94}},"type":"cond-expr","locations":[{"start":{"line":15,"column":70},"end":{"line":15,"column":73}},{"start":{"line":15,"column":76},"end":{"line":15,"column":94}}],"line":15},"1":{"loc":{"start":{"line":15,"column":46},"end":{"line":15,"column":67}},"type":"binary-expr","locations":[{"start":{"line":15,"column":46},"end":{"line":15,"column":49}},{"start":{"line":15,"column":53},"end":{"line":15,"column":67}}],"line":15},"2":{"loc":{"start":{"line":41,"column":6},"end":{"line":41,"column":32}},"type":"if","locations":[{"start":{"line":41,"column":6},"end":{"line":41,"column":32}},{"start":{"line":41,"column":6},"end":{"line":41,"column":32}}],"line":41},"3":{"loc":{"start":{"line":50,"column":6},"end":{"line":50,"column":32}},"type":"if","locations":[{"start":{"line":50,"column":6},"end":{"line":50,"column":32}},{"start":{"line":50,"column":6},"end":{"line":50,"column":32}}],"line":50},"4":{"loc":{"start":{"line":61,"column":6},"end":{"line":61,"column":32}},"type":"if","locations":[{"start":{"line":61,"column":6},"end":{"line":61,"column":32}},{"start":{"line":61,"column":6},"end":{"line":61,"column":32}}],"line":61},"5":{"loc":{"start":{"line":72,"column":6},"end":{"line":72,"column":32}},"type":"if","locations":[{"start":{"line":72,"column":6},"end":{"line":72,"column":32}},{"start":{"line":72,"column":6},"end":{"line":72,"column":32}}],"line":72},"6":{"loc":{"start":{"line":84,"column":6},"end":{"line":84,"column":32}},"type":"if","locations":[{"start":{"line":84,"column":6},"end":{"line":84,"column":32}},{"start":{"line":84,"column":6},"end":{"line":84,"column":32}}],"line":84},"7":{"loc":{"start":{"line":93,"column":6},"end":{"line":93,"column":32}},"type":"if","locations":[{"start":{"line":93,"column":6},"end":{"line":93,"column":32}},{"start":{"line":93,"column":6},"end":{"line":93,"column":32}}],"line":93},"8":{"loc":{"start":{"line":104,"column":6},"end":{"line":104,"column":32}},"type":"if","locations":[{"start":{"line":104,"column":6},"end":{"line":104,"column":32}},{"start":{"line":104,"column":6},"end":{"line":104,"column":32}}],"line":104}},"s":{"0":1,"1":1,"2":1,"3":1,"4":1,"5":1,"6":6,"7":1,"8":1,"9":1,"10":1,"11":1,"12":1,"13":1,"14":1,"15":1,"16":1,"17":1,"18":1,"19":1,"20":1,"21":1,"22":1,"23":1,"24":0,"25":1,"26":1,"27":1,"28":1,"29":1,"30":1,"31":1,"32":0,"33":1,"34":1,"35":1,"36":1,"37":1,"38":1,"39":1,"40":0,"41":1,"42":1,"43":1,"44":1,"45":1,"46":1,"47":1,"48":0,"49":1,"50":1,"51":1,"52":1,"53":1,"54":1,"55":1,"56":0,"57":1,"58":1,"59":1,"60":1,"61":1,"62":1,"63":1,"64":0,"65":1,"66":1,"67":1,"68":1,"69":1,"70":1,"71":1,"72":0,"73":1,"74":1,"75":1,"76":1},"f":{"0":6,"1":1,"2":1,"3":1,"4":1,"5":1,"6":1,"7":1,"8":1,"9":1,"10":1,"11":1,"12":1,"13":1,"14":1,"15":1,"16":1,"17":1},"b":{"0":[3,3],"1":[6,6],"2":[0,1],"3":[0,1],"4":[0,1],"5":[0,1],"6":[0,1],"7":[0,1],"8":[0,1]},"_coverageSchema":"43e27e138ebf9cfc5966b082cf9a028302ed4184","hash":"23633ccddfe838772dc41ace53e63ed07d759647","contentHash":"777697b0732cd88df4c31f29ca6c8ac7d1657469196621c723dda8fe5bf381a7"}}